TN:
SF:/Users/jfondriest/githubyext/answers-search-ui/conf/cloud-regions/constants.js
FNF:0
FNH:0
DA:1,0
DA:3,0
LF:2
LH:0
BRF:0
BRH:0
end_of_record
TN:
SF:/Users/jfondriest/githubyext/answers-search-ui/conf/gulp-tasks/extracttranslations.gulpfile.js
FN:6,extractTranslations
FN:16,extractMessagesFromFile
FN:30,(anonymous_2)
FNF:3
FNH:0
FNDA:0,extractTranslations
FNDA:0,extractMessagesFromFile
FNDA:0,(anonymous_2)
DA:1,0
DA:2,0
DA:3,0
DA:4,0
DA:6,0
DA:7,0
DA:17,0
DA:18,0
DA:19,0
DA:20,0
DA:23,0
DA:28,0
DA:31,0
LF:13
LH:0
BRF:0
BRH:0
end_of_record
TN:
SF:/Users/jfondriest/githubyext/answers-search-ui/conf/gulp-tasks/library.gulpfile.js
FN:23,devJSBundle
FN:24,(anonymous_1)
FN:25,(anonymous_2)
FN:38,unminifiedLegacyJSBundle
FN:39,(anonymous_4)
FN:40,(anonymous_5)
FN:59,createJSBundlesForLanguages
FN:60,(anonymous_7)
FN:63,(anonymous_8)
FN:65,(anonymous_9)
FN:66,(anonymous_10)
FN:79,allLocaleJSBundles
FN:88,(anonymous_12)
FN:93,defaultLanguageJSBundles
FN:97,allLanguageJSBundles
FN:101,(anonymous_15)
FN:105,(anonymous_16)
FN:116,createBundles
FN:141,createBundleTaskFactory
FN:153,compileCSS
FN:154,(anonymous_20)
FN:162,compileLtrCSS
FN:174,compileRtlCSS
FN:181,(anonymous_23)
FN:192,getWatchJSTask
FN:193,watchJS
FN:200,watchCSS
FNF:27
FNH:0
FNDA:0,devJSBundle
FNDA:0,(anonymous_1)
FNDA:0,(anonymous_2)
FNDA:0,unminifiedLegacyJSBundle
FNDA:0,(anonymous_4)
FNDA:0,(anonymous_5)
FNDA:0,createJSBundlesForLanguages
FNDA:0,(anonymous_7)
FNDA:0,(anonymous_8)
FNDA:0,(anonymous_9)
FNDA:0,(anonymous_10)
FNDA:0,allLocaleJSBundles
FNDA:0,(anonymous_12)
FNDA:0,defaultLanguageJSBundles
FNDA:0,allLanguageJSBundles
FNDA:0,(anonymous_15)
FNDA:0,(anonymous_16)
FNDA:0,createBundles
FNDA:0,createBundleTaskFactory
FNDA:0,compileCSS
FNDA:0,(anonymous_20)
FNDA:0,compileLtrCSS
FNDA:0,compileRtlCSS
FNDA:0,(anonymous_23)
FNDA:0,getWatchJSTask
FNDA:0,watchJS
FNDA:0,watchCSS
DA:1,0
DA:2,0
DA:3,0
DA:4,0
DA:5,0
DA:6,0
DA:8,0
DA:9,0
DA:10,0
DA:11,0
DA:12,0
DA:13,0
DA:14,0
DA:15,0
DA:16,0
DA:17,0
DA:23,0
DA:24,0
DA:25,0
DA:26,0
DA:38,0
DA:39,0
DA:40,0
DA:41,0
DA:60,0
DA:61,0
DA:62,0
DA:63,0
DA:65,0
DA:66,0
DA:80,0
DA:88,0
DA:89,0
DA:93,0
DA:94,0
DA:97,0
DA:98,0
DA:101,0
DA:102,0
DA:105,0
DA:106,0
DA:117,0
DA:118,0
DA:142,0
DA:143,0
DA:145,0
DA:146,0
DA:150,0
DA:154,0
DA:155,0
DA:163,0
DA:175,0
DA:182,0
DA:193,0
DA:194,0
DA:201,0
LF:56
LH:0
BRDA:59,0,0,0
BRDA:79,1,0,0
BRDA:101,2,0,0
BRDA:101,3,0,0
BRDA:105,4,0,0
BRDA:117,5,0,0
BRDA:117,5,1,0
BRF:7
BRH:0
end_of_record
TN:
SF:/Users/jfondriest/githubyext/answers-search-ui/conf/gulp-tasks/templates.gulpfile.js
FN:17,createTranslator
FN:29,devTemplates
FN:38,watchTemplates
FN:46,(anonymous_3)
FN:52,(anonymous_4)
FN:64,createDefaultTask
FN:96,createTemplatesForLanguages
FN:97,(anonymous_7)
FN:102,(anonymous_8)
FN:113,allLocaleTemplates
FN:118,(anonymous_10)
FN:123,defaultTemplates
FN:127,allLanguageTemplates
FN:131,(anonymous_13)
FN:135,(anonymous_14)
FNF:15
FNH:0
FNDA:0,createTranslator
FNDA:0,devTemplates
FNDA:0,watchTemplates
FNDA:0,(anonymous_3)
FNDA:0,(anonymous_4)
FNDA:0,createDefaultTask
FNDA:0,createTemplatesForLanguages
FNDA:0,(anonymous_7)
FNDA:0,(anonymous_8)
FNDA:0,allLocaleTemplates
FNDA:0,(anonymous_10)
FNDA:0,defaultTemplates
FNDA:0,allLanguageTemplates
FNDA:0,(anonymous_13)
FNDA:0,(anonymous_14)
DA:1,0
DA:2,0
DA:4,0
DA:5,0
DA:6,0
DA:7,0
DA:9,0
DA:10,0
DA:11,0
DA:12,0
DA:13,0
DA:15,0
DA:18,0
DA:19,0
DA:31,0
DA:32,0
DA:33,0
DA:34,0
DA:36,0
DA:39,0
DA:44,0
DA:46,0
DA:47,0
DA:51,0
DA:52,0
DA:53,0
DA:65,0
DA:67,0
DA:68,0
DA:69,0
DA:71,0
DA:72,0
DA:73,0
DA:75,0
DA:77,0
DA:97,0
DA:98,0
DA:99,0
DA:101,0
DA:102,0
DA:114,0
DA:118,0
DA:119,0
DA:123,0
DA:124,0
DA:127,0
DA:128,0
DA:131,0
DA:132,0
DA:135,0
DA:136,0
LF:51
LH:0
BRDA:29,0,0,0
BRDA:44,1,0,0
BRDA:44,1,1,0
BRDA:96,2,0,0
BRDA:113,3,0,0
BRDA:131,4,0,0
BRDA:135,5,0,0
BRF:7
BRH:0
end_of_record
TN:
SF:/Users/jfondriest/githubyext/answers-search-ui/conf/gulp-tasks/bundle/bundle.js
FN:34,(anonymous_0)
FN:79,(anonymous_1)
FN:140,_buildBundle
FN:155,(anonymous_3)
FNF:4
FNH:0
FNDA:0,(anonymous_0)
FNDA:0,(anonymous_1)
FNDA:0,_buildBundle
FNDA:0,(anonymous_3)
DA:1,0
DA:3,0
DA:4,0
DA:5,0
DA:6,0
DA:7,0
DA:8,0
DA:9,0
DA:13,0
DA:14,0
DA:16,0
DA:34,0
DA:43,0
DA:60,0
DA:79,0
DA:89,0
DA:124,0
DA:149,0
DA:156,0
DA:157,0
DA:158,0
DA:161,0
LF:22
LH:0
BRDA:158,0,0,0
BRDA:158,0,1,0
BRDA:158,0,2,0
BRDA:161,1,0,0
BRDA:161,1,1,0
BRF:5
BRH:0
end_of_record
TN:
SF:/Users/jfondriest/githubyext/answers-search-ui/conf/gulp-tasks/bundle/bundletaskfactory.js
FN:16,(anonymous_0)
FN:31,(anonymous_1)
FN:35,(anonymous_2)
FN:38,(anonymous_3)
FN:41,(anonymous_4)
FN:60,(anonymous_5)
FN:87,(anonymous_6)
FN:113,(anonymous_7)
FNF:8
FNH:0
FNDA:0,(anonymous_0)
FNDA:0,(anonymous_1)
FNDA:0,(anonymous_2)
FNDA:0,(anonymous_3)
FNDA:0,(anonymous_4)
FNDA:0,(anonymous_5)
FNDA:0,(anonymous_6)
FNDA:0,(anonymous_7)
DA:1,0
DA:2,0
DA:5,0
DA:10,0
DA:17,0
DA:18,0
DA:19,0
DA:20,0
DA:21,0
DA:33,0
DA:35,0
DA:36,0
DA:38,0
DA:39,0
DA:41,0
DA:42,0
DA:44,0
DA:46,0
DA:49,0
DA:61,0
DA:67,0
DA:88,0
DA:93,0
DA:114,0
DA:120,0
DA:133,0
DA:134,0
LF:27
LH:0
BRDA:31,0,0,0
BRDA:33,1,0,0
BRDA:33,1,1,0
BRDA:33,1,2,0
BRDA:33,1,3,0
BRF:5
BRH:0
end_of_record
TN:
SF:/Users/jfondriest/githubyext/answers-search-ui/conf/gulp-tasks/bundle/minifytaskfactory.js
FN:12,(anonymous_0)
FN:22,(anonymous_1)
FN:24,(anonymous_2)
FN:37,(anonymous_3)
FNF:4
FNH:0
FNDA:0,(anonymous_0)
FNDA:0,(anonymous_1)
FNDA:0,(anonymous_2)
FNDA:0,(anonymous_3)
DA:1,0
DA:3,0
DA:4,0
DA:5,0
DA:6,0
DA:13,0
DA:23,0
DA:24,0
DA:25,0
DA:26,0
DA:38,0
DA:50,0
LF:12
LH:0
BRF:0
BRH:0
end_of_record
TN:
SF:/Users/jfondriest/githubyext/answers-search-ui/conf/gulp-tasks/template/bundletemplatestaskfactory.js
FN:20,(anonymous_0)
FN:31,(anonymous_1)
FN:43,(anonymous_2)
FN:47,(anonymous_3)
FN:57,(anonymous_4)
FN:78,(anonymous_5)
FN:94,(anonymous_6)
FNF:7
FNH:0
FNDA:0,(anonymous_0)
FNDA:0,(anonymous_1)
FNDA:0,(anonymous_2)
FNDA:0,(anonymous_3)
FNDA:0,(anonymous_4)
FNDA:0,(anonymous_5)
FNDA:0,(anonymous_6)
DA:1,0
DA:2,0
DA:3,0
DA:4,0
DA:5,0
DA:6,0
DA:7,0
DA:9,0
DA:14,0
DA:21,0
DA:32,0
DA:33,0
DA:36,0
DA:44,0
DA:45,0
DA:46,0
DA:47,0
DA:48,0
DA:58,0
DA:69,0
DA:79,0
DA:83,0
DA:84,0
DA:95,0
DA:129,0
LF:25
LH:0
BRF:0
BRH:0
end_of_record
TN:
SF:/Users/jfondriest/githubyext/answers-search-ui/conf/gulp-tasks/template/createcleanfiles.js
FN:13,createCleanFilesTask
FN:14,(anonymous_1)
FN:28,_cleanFiles
FNF:3
FNH:0
FNDA:0,createCleanFilesTask
FNDA:0,(anonymous_1)
FNDA:0,_cleanFiles
DA:1,0
DA:3,0
DA:14,0
DA:15,0
DA:16,0
DA:19,0
DA:29,0
DA:30,0
DA:31,0
DA:34,0
LF:10
LH:0
BRF:0
BRH:0
end_of_record
TN:
SF:/Users/jfondriest/githubyext/answers-search-ui/conf/gulp-tasks/template/createprecompiletemplates.js
FN:20,createPrecompileTemplatesTask
FN:21,(anonymous_1)
FN:40,_precompileTemplates
FN:42,(anonymous_3)
FN:57,precompileTemplates
FN:81,(anonymous_5)
FN:93,(anonymous_6)
FN:107,(anonymous_7)
FNF:8
FNH:0
FNDA:0,createPrecompileTemplatesTask
FNDA:0,(anonymous_1)
FNDA:0,_precompileTemplates
FNDA:0,(anonymous_3)
FNDA:0,precompileTemplates
FNDA:0,(anonymous_5)
FNDA:0,(anonymous_6)
FNDA:0,(anonymous_7)
DA:1,0
DA:2,0
DA:3,0
DA:4,0
DA:5,0
DA:6,0
DA:8,0
DA:9,0
DA:21,0
DA:22,0
DA:23,0
DA:24,0
DA:27,0
DA:41,0
DA:42,0
DA:44,0
DA:58,0
DA:61,0
DA:62,0
DA:64,0
DA:68,0
DA:76,0
DA:84,0
DA:85,0
DA:86,0
DA:88,0
DA:94,0
DA:95,0
DA:96,0
DA:97,0
DA:98,0
DA:100,0
DA:108,0
DA:109,0
DA:121,0
LF:35
LH:0
BRDA:20,0,0,0
BRDA:61,1,0,0
BRDA:61,1,1,0
BRDA:85,2,0,0
BRDA:85,2,1,0
BRF:5
BRH:0
end_of_record
TN:
SF:/Users/jfondriest/githubyext/answers-search-ui/conf/gulp-tasks/template/filenameutils.js
FN:15,addLocalePrefix
FN:28,(anonymous_1)
FN:39,(anonymous_2)
FNF:3
FNH:0
FNDA:0,addLocalePrefix
FNDA:0,(anonymous_1)
FNDA:0,(anonymous_2)
DA:1,0
DA:3,0
DA:16,0
DA:17,0
DA:19,0
DA:28,0
DA:29,0
DA:30,0
DA:39,0
DA:40,0
DA:41,0
LF:11
LH:0
BRDA:15,0,0,0
BRDA:16,1,0,0
BRDA:16,1,1,0
BRF:3
BRH:0
end_of_record
TN:
SF:/Users/jfondriest/githubyext/answers-search-ui/conf/gulp-tasks/template/minifytemplatestaskfactory.js
FN:12,(anonymous_0)
FN:23,(anonymous_1)
FN:37,(anonymous_2)
FN:39,(anonymous_3)
FN:49,(anonymous_4)
FN:62,(anonymous_5)
FNF:6
FNH:0
FNDA:0,(anonymous_0)
FNDA:0,(anonymous_1)
FNDA:0,(anonymous_2)
FNDA:0,(anonymous_3)
FNDA:0,(anonymous_4)
FNDA:0,(anonymous_5)
DA:1,0
DA:2,0
DA:4,0
DA:5,0
DA:13,0
DA:24,0
DA:25,0
DA:28,0
DA:38,0
DA:39,0
DA:50,0
DA:63,0
DA:67,0
DA:68,0
DA:72,0
LF:15
LH:0
BRF:0
BRH:0
end_of_record
TN:
SF:/Users/jfondriest/githubyext/answers-search-ui/conf/gulp-tasks/template/templatetype.js
FNF:0
FNH:0
DA:4,0
DA:9,0
LF:2
LH:0
BRF:0
BRH:0
end_of_record
TN:
SF:/Users/jfondriest/githubyext/answers-search-ui/conf/gulp-tasks/utils/bundlename.js
FN:8,getBundleName
FNF:1
FNH:0
FNDA:0,getBundleName
DA:9,0
DA:10,0
DA:13,0
LF:3
LH:0
BRDA:9,0,0,0
BRDA:9,0,1,0
BRDA:9,1,0,0
BRDA:9,1,1,0
BRF:4
BRH:0
end_of_record
TN:
SF:/Users/jfondriest/githubyext/answers-search-ui/conf/gulp-tasks/utils/libversion.js
FN:8,getLibVersion
FNF:1
FNH:0
FNDA:0,getLibVersion
DA:1,0
DA:9,0
DA:11,0
DA:13,0
DA:14,0
DA:19,0
DA:20,0
DA:24,0
LF:8
LH:0
BRDA:13,0,0,0
BRDA:13,0,1,0
BRF:2
BRH:0
end_of_record
TN:
SF:/Users/jfondriest/githubyext/answers-search-ui/conf/i18n/constants.js
FNF:0
FNH:0
DA:1,2
DA:3,2
DA:5,2
DA:148,2
DA:150,2
DA:160,2
LF:6
LH:6
BRF:0
BRH:0
end_of_record
TN:
SF:/Users/jfondriest/githubyext/answers-search-ui/conf/i18n/localebuildutils.js
FN:17,copyAssetsForLocales
FN:18,(anonymous_1)
FN:19,(anonymous_2)
FN:23,(anonymous_3)
FNF:4
FNH:0
FNDA:0,copyAssetsForLocales
FNDA:0,(anonymous_1)
FNDA:0,(anonymous_2)
FNDA:0,(anonymous_3)
DA:1,0
DA:2,0
DA:18,0
DA:19,0
DA:20,0
DA:23,0
DA:24,0
DA:25,0
DA:26,0
DA:28,0
DA:34,0
LF:11
LH:0
BRDA:17,0,0,0
BRDA:20,1,0,0
BRDA:20,1,1,0
BRDA:25,2,0,0
BRDA:25,2,1,0
BRF:5
BRH:0
end_of_record
TN:
SF:/Users/jfondriest/githubyext/answers-search-ui/conf/i18n/localfileparser.js
FN:17,(anonymous_0)
FN:30,(anonymous_1)
FN:36,(anonymous_2)
FNF:3
FNH:3
FNDA:21,(anonymous_0)
FNDA:40,(anonymous_1)
FNDA:40,(anonymous_2)
DA:1,1
DA:2,1
DA:3,1
DA:18,21
DA:19,21
DA:31,40
DA:33,40
DA:35,40
DA:36,40
DA:39,0
DA:42,1
LF:11
LH:10
BRDA:33,0,0,40
BRDA:33,0,1,0
BRF:2
BRH:1
end_of_record
TN:
SF:/Users/jfondriest/githubyext/answers-search-ui/conf/i18n/runtimecallgeneratorutils.js
FN:9,generateProcessTranslationJsCall
FN:33,formatPluralForms
FN:35,(anonymous_2)
FN:54,escapeSingleQuotes
FNF:4
FNH:4
FNDA:2,generateProcessTranslationJsCall
FNDA:1,formatPluralForms
FNDA:2,(anonymous_2)
FNDA:3,escapeSingleQuotes
DA:10,2
DA:11,2
DA:12,2
DA:14,2
DA:15,1
DA:16,1
DA:19,1
DA:20,1
DA:23,1
DA:34,1
DA:36,2
DA:37,2
DA:38,2
DA:40,2
DA:45,1
DA:55,3
DA:56,3
LF:17
LH:17
BRDA:14,0,0,1
BRDA:14,0,1,1
BRDA:40,1,0,1
BRDA:40,1,1,1
BRF:4
BRH:4
end_of_record
TN:
SF:/Users/jfondriest/githubyext/answers-search-ui/conf/i18n/translatecallparser.js
FN:17,(anonymous_0)
FN:39,(anonymous_1)
FN:59,(anonymous_2)
FN:63,(anonymous_3)
FNF:4
FNH:4
FNDA:6,(anonymous_0)
FNDA:6,(anonymous_1)
FNDA:12,(anonymous_2)
FNDA:24,(anonymous_3)
DA:1,2
DA:18,6
DA:20,6
DA:40,6
DA:42,6
DA:43,6
DA:44,6
DA:46,6
DA:61,12
DA:62,12
DA:64,24
DA:65,24
DA:69,24
DA:74,24
DA:75,24
DA:79,2
LF:16
LH:16
BRDA:43,0,0,6
BRDA:43,0,1,3
BRDA:43,1,0,6
BRDA:43,1,1,3
BRDA:62,2,0,12
BRDA:62,2,1,3
BRDA:69,3,0,24
BRDA:69,3,1,24
BRF:8
BRH:8
end_of_record
TN:
SF:/Users/jfondriest/githubyext/answers-search-ui/conf/i18n/translatehelpervisitor.js
FN:11,(anonymous_0)
FN:18,(anonymous_1)
FN:31,(anonymous_2)
FN:43,(anonymous_3)
FN:70,(anonymous_4)
FN:90,(anonymous_5)
FN:105,(anonymous_6)
FN:123,(anonymous_7)
FN:140,(anonymous_8)
FN:142,(anonymous_9)
FN:155,(anonymous_10)
FN:166,(anonymous_11)
FN:167,(anonymous_12)
FN:190,(anonymous_13)
FN:191,(anonymous_14)
FNF:15
FNH:13
FNDA:3,(anonymous_0)
FNDA:1,(anonymous_1)
FNDA:3,(anonymous_2)
FNDA:3,(anonymous_3)
FNDA:1,(anonymous_4)
FNDA:1,(anonymous_5)
FNDA:1,(anonymous_6)
FNDA:1,(anonymous_7)
FNDA:1,(anonymous_8)
FNDA:2,(anonymous_9)
FNDA:5,(anonymous_10)
FNDA:0,(anonymous_11)
FNDA:0,(anonymous_12)
FNDA:1,(anonymous_13)
FNDA:4,(anonymous_14)
DA:1,1
DA:2,1
DA:3,1
DA:4,1
DA:12,3
DA:15,3
DA:16,3
DA:18,3
DA:19,3
DA:20,3
DA:21,3
DA:22,3
DA:23,3
DA:32,3
DA:44,3
DA:45,3
DA:46,1
DA:48,2
DA:49,2
DA:50,2
DA:52,2
DA:53,2
DA:54,1
DA:56,1
DA:57,1
DA:71,1
DA:72,1
DA:73,1
DA:91,1
DA:106,1
DA:124,1
DA:126,1
DA:141,1
DA:143,2
DA:153,1
DA:154,1
DA:155,5
DA:167,0
DA:168,0
DA:169,0
DA:171,0
DA:191,1
DA:192,4
DA:193,4
DA:198,1
LF:45
LH:41
BRDA:45,0,0,1
BRDA:45,0,1,2
BRDA:52,1,0,2
BRDA:52,1,1,1
BRDA:53,2,0,1
BRDA:53,2,1,1
BRDA:126,3,0,1
BRDA:126,3,1,0
BRDA:168,4,0,0
BRDA:168,4,1,0
BRDA:193,5,0,4
BRDA:193,5,1,3
BRF:12
BRH:9
end_of_record
TN:
SF:/Users/jfondriest/githubyext/answers-search-ui/conf/i18n/translationplaceholderutils.js
FN:8,fromMustacheStatementNode
FN:34,_convertHashPairsToParamsMap
FN:35,(anonymous_2)
FNF:3
FNH:3
FNDA:8,fromMustacheStatementNode
FNDA:8,_convertHashPairsToParamsMap
FNDA:24,(anonymous_2)
DA:1,3
DA:9,8
DA:10,8
DA:12,8
DA:13,8
DA:14,8
DA:25,3
DA:35,8
DA:36,24
DA:37,24
DA:38,0
DA:39,24
DA:40,0
DA:41,24
DA:42,0
DA:44,24
DA:46,24
LF:17
LH:14
BRDA:37,0,0,0
BRDA:37,0,1,24
BRDA:39,1,0,0
BRDA:39,1,1,24
BRDA:41,2,0,0
BRDA:41,2,1,24
BRF:6
BRH:3
end_of_record
TN:
SF:/Users/jfondriest/githubyext/answers-search-ui/conf/i18n/translationresolver.js
FN:14,(anonymous_0)
FN:27,(anonymous_1)
FN:53,(anonymous_2)
FN:67,(anonymous_3)
FN:82,(anonymous_4)
FN:98,(anonymous_5)
FN:118,(anonymous_6)
FNF:7
FNH:7
FNDA:7,(anonymous_0)
FNDA:6,(anonymous_1)
FNDA:2,(anonymous_2)
FNDA:1,(anonymous_3)
FNDA:2,(anonymous_4)
FNDA:1,(anonymous_5)
FNDA:6,(anonymous_6)
DA:15,7
DA:16,7
DA:28,6
DA:29,6
DA:30,6
DA:31,1
DA:34,5
DA:35,2
DA:38,3
DA:39,1
DA:42,2
DA:54,2
DA:55,2
DA:56,2
DA:68,1
DA:70,1
DA:71,1
DA:83,2
DA:85,2
DA:86,2
DA:99,1
DA:101,1
DA:102,1
DA:119,6
DA:120,6
DA:126,2
LF:26
LH:26
BRDA:30,0,0,1
BRDA:30,0,1,5
BRDA:30,1,0,6
BRDA:30,1,1,3
BRDA:34,2,0,2
BRDA:34,2,1,3
BRDA:38,3,0,1
BRDA:38,3,1,2
BRDA:119,4,0,6
BRDA:119,4,1,3
BRDA:120,5,0,3
BRDA:120,5,1,3
BRF:12
BRH:12
end_of_record
TN:
SF:/Users/jfondriest/githubyext/answers-search-ui/conf/i18n/translator.js
FN:15,(anonymous_0)
FN:27,(anonymous_1)
FN:42,(anonymous_2)
FN:58,(anonymous_3)
FN:89,(anonymous_4)
FN:120,(anonymous_5)
FN:136,(anonymous_6)
FN:141,(anonymous_7)
FN:143,(anonymous_8)
FN:163,(anonymous_9)
FN:185,(anonymous_10)
FN:188,(anonymous_11)
FN:194,(anonymous_12)
FN:208,(anonymous_13)
FNF:14
FNH:14
FNDA:26,(anonymous_0)
FNDA:10,(anonymous_1)
FNDA:5,(anonymous_2)
FNDA:9,(anonymous_3)
FNDA:7,(anonymous_4)
FNDA:2,(anonymous_5)
FNDA:14,(anonymous_6)
FNDA:252,(anonymous_7)
FNDA:18,(anonymous_8)
FNDA:15,(anonymous_9)
FNDA:16,(anonymous_10)
FNDA:18,(anonymous_11)
FNDA:200,(anonymous_12)
FNDA:26,(anonymous_13)
DA:1,3
DA:2,3
DA:16,26
DA:28,10
DA:30,10
DA:43,5
DA:45,5
DA:59,9
DA:60,9
DA:61,9
DA:65,9
DA:68,9
DA:69,8
DA:75,1
DA:90,7
DA:91,7
DA:93,7
DA:97,7
DA:100,7
DA:101,6
DA:107,1
DA:121,2
DA:138,14
DA:140,14
DA:141,252
DA:144,18
DA:145,18
DA:146,18
DA:147,18
DA:148,18
DA:164,15
DA:167,15
DA:168,15
DA:169,4
DA:170,4
DA:174,15
DA:186,16
DA:188,16
DA:189,18
DA:190,0
DA:192,18
DA:193,18
DA:194,200
DA:195,18
DA:209,26
DA:210,26
DA:217,26
DA:219,26
DA:223,3
LF:49
LH:48
BRDA:68,0,0,8
BRDA:68,0,1,1
BRDA:100,1,0,6
BRDA:100,1,1,1
BRDA:146,2,0,12
BRDA:146,2,1,6
BRDA:169,3,0,4
BRDA:169,3,1,0
BRDA:189,4,0,0
BRDA:189,4,1,18
BRF:10
BRH:8
end_of_record
TN:
SF:/Users/jfondriest/githubyext/answers-search-ui/conf/i18n/extract/hbsplaceholderparser.js
FN:6,(anonymous_0)
FN:17,(anonymous_1)
FN:21,(anonymous_2)
FN:38,(anonymous_3)
FNF:4
FNH:4
FNDA:1,(anonymous_0)
FNDA:1,(anonymous_1)
FNDA:5,(anonymous_2)
FNDA:5,(anonymous_3)
DA:1,1
DA:3,1
DA:7,1
DA:18,1
DA:19,1
DA:20,1
DA:21,1
DA:22,5
DA:23,5
DA:24,5
DA:27,1
DA:28,1
DA:39,5
DA:40,5
DA:41,0
DA:43,5
DA:44,5
DA:48,1
LF:18
LH:17
BRDA:23,0,0,5
BRDA:23,0,1,0
BRDA:40,1,0,0
BRDA:40,1,1,5
BRF:4
BRH:2
end_of_record
TN:
SF:/Users/jfondriest/githubyext/answers-search-ui/conf/i18n/extract/jsplaceholderparser.js
FN:12,(anonymous_0)
FN:14,(anonymous_1)
FN:24,(anonymous_2)
FNF:3
FNH:3
FNDA:1,(anonymous_0)
FNDA:5,(anonymous_1)
FNDA:5,(anonymous_2)
DA:1,1
DA:2,1
DA:13,1
DA:14,5
DA:25,5
DA:26,5
DA:27,5
DA:28,5
DA:29,5
DA:33,1
LF:10
LH:10
BRF:0
BRH:0
end_of_record
TN:
SF:/Users/jfondriest/githubyext/answers-search-ui/conf/i18n/extract/translationextractor.js
FN:12,(anonymous_0)
FN:22,(anonymous_1)
FN:47,(anonymous_2)
FN:58,(anonymous_3)
FN:67,(anonymous_4)
FNF:5
FNH:4
FNDA:2,(anonymous_0)
FNDA:2,(anonymous_1)
FNDA:0,(anonymous_2)
FNDA:2,(anonymous_3)
FNDA:10,(anonymous_4)
DA:1,1
DA:2,1
DA:3,1
DA:5,1
DA:6,1
DA:13,2
DA:23,2
DA:25,2
DA:27,1
DA:28,1
DA:30,1
DA:31,1
DA:33,0
DA:35,2
DA:36,2
DA:37,10
DA:48,0
DA:49,0
DA:50,0
DA:59,2
DA:68,10
DA:77,1
LF:22
LH:18
BRDA:25,0,0,1
BRDA:25,0,1,1
BRDA:25,0,2,0
BRDA:49,1,0,0
BRDA:49,1,1,0
BRF:5
BRH:2
end_of_record
TN:
SF:/Users/jfondriest/githubyext/answers-search-ui/conf/i18n/models/translationplaceholder.js
FN:7,(anonymous_0)
FN:22,(anonymous_1)
FN:32,(anonymous_2)
FN:41,(anonymous_3)
FN:52,(anonymous_4)
FN:63,(anonymous_5)
FN:72,(anonymous_6)
FN:81,(anonymous_7)
FN:89,(anonymous_8)
FNF:9
FNH:9
FNDA:19,(anonymous_0)
FNDA:16,(anonymous_1)
FNDA:13,(anonymous_2)
FNDA:18,(anonymous_3)
FNDA:9,(anonymous_4)
FNDA:6,(anonymous_5)
FNDA:10,(anonymous_6)
FNDA:10,(anonymous_7)
FNDA:1,(anonymous_8)
DA:8,19
DA:9,19
DA:10,19
DA:11,19
DA:12,19
DA:13,19
DA:14,19
DA:23,16
DA:33,13
DA:42,18
DA:53,9
DA:64,6
DA:73,10
DA:82,10
DA:90,1
DA:94,5
LF:16
LH:16
BRF:0
BRH:0
end_of_record
TN:
SF:/Users/jfondriest/githubyext/answers-search-ui/conf/npm/generateentrypoints.js
FN:12,getLanguageBundleEntries
FN:29,appendExportsField
FN:43,(anonymous_2)
FNF:3
FNH:3
FNDA:2,getLanguageBundleEntries
FNDA:1,appendExportsField
FNDA:3,(anonymous_2)
DA:3,1
DA:4,1
DA:13,2
DA:19,2
DA:30,1
DA:31,1
DA:35,1
DA:41,1
DA:43,1
DA:44,3
DA:45,2
DA:48,1
DA:49,1
DA:52,1
LF:14
LH:14
BRDA:44,0,0,2
BRDA:44,0,1,1
BRF:2
BRH:2
end_of_record
TN:
SF:/Users/jfondriest/githubyext/answers-search-ui/src/answers-search-bar.js
FN:47,(anonymous_0)
FN:75,(anonymous_1)
FN:104,(anonymous_2)
FN:112,(anonymous_3)
FN:121,(anonymous_4)
FN:220,(anonymous_5)
FN:224,(anonymous_6)
FN:236,(anonymous_7)
FN:240,(anonymous_8)
FN:250,(anonymous_9)
FN:276,(anonymous_10)
FN:300,(anonymous_11)
FN:318,(anonymous_12)
FN:326,(anonymous_13)
FN:334,(anonymous_14)
FN:344,(anonymous_15)
FN:358,(anonymous_16)
FN:376,(anonymous_17)
FN:386,(anonymous_18)
FN:401,(anonymous_19)
FN:411,(anonymous_20)
FN:415,(anonymous_21)
FN:417,(anonymous_22)
FN:434,(anonymous_23)
FN:437,(anonymous_24)
FN:438,(anonymous_25)
FN:439,(anonymous_26)
FN:440,(anonymous_27)
FN:463,(anonymous_28)
FN:477,(anonymous_29)
FN:492,getServices
FNF:31
FNH:12
FNDA:1,(anonymous_0)
FNDA:0,(anonymous_1)
FNDA:1,(anonymous_2)
FNDA:0,(anonymous_3)
FNDA:1,(anonymous_4)
FNDA:1,(anonymous_5)
FNDA:1,(anonymous_6)
FNDA:0,(anonymous_7)
FNDA:0,(anonymous_8)
FNDA:1,(anonymous_9)
FNDA:1,(anonymous_10)
FNDA:0,(anonymous_11)
FNDA:0,(anonymous_12)
FNDA:0,(anonymous_13)
FNDA:0,(anonymous_14)
FNDA:0,(anonymous_15)
FNDA:1,(anonymous_16)
FNDA:0,(anonymous_17)
FNDA:0,(anonymous_18)
FNDA:1,(anonymous_19)
FNDA:1,(anonymous_20)
FNDA:0,(anonymous_21)
FNDA:0,(anonymous_22)
FNDA:0,(anonymous_23)
FNDA:0,(anonymous_24)
FNDA:0,(anonymous_25)
FNDA:0,(anonymous_26)
FNDA:0,(anonymous_27)
FNDA:1,(anonymous_28)
FNDA:0,(anonymous_29)
FNDA:1,getServices
DA:35,1
DA:48,1
DA:49,0
DA:57,1
DA:63,1
DA:69,1
DA:75,1
DA:81,1
DA:87,1
DA:93,1
DA:105,1
DA:106,1
DA:107,1
DA:109,0
DA:113,0
DA:122,1
DA:123,1
DA:125,1
DA:127,1
DA:130,1
DA:131,1
DA:132,1
DA:133,1
DA:137,1
DA:138,1
DA:139,1
DA:145,0
DA:150,1
DA:152,1
DA:153,1
DA:154,1
DA:157,1
DA:158,1
DA:159,0
DA:160,0
DA:163,1
DA:164,1
DA:170,1
DA:172,1
DA:173,1
DA:174,1
DA:183,1
DA:186,1
DA:202,1
DA:203,0
DA:208,1
DA:212,1
DA:214,1
DA:215,0
DA:217,1
DA:220,1
DA:222,1
DA:223,1
DA:225,1
DA:226,1
DA:227,1
DA:231,1
DA:237,0
DA:241,0
DA:242,0
DA:251,1
DA:252,1
DA:253,1
DA:254,0
DA:256,1
DA:258,1
DA:259,1
DA:260,1
DA:261,1
DA:265,1
DA:268,1
DA:279,1
DA:280,0
DA:283,1
DA:284,0
DA:287,1
DA:288,0
DA:291,1
DA:292,0
DA:295,1
DA:296,0
DA:301,0
DA:302,0
DA:307,0
DA:308,0
DA:310,0
DA:312,0
DA:319,0
DA:327,0
DA:335,0
DA:336,0
DA:345,0
DA:359,1
DA:360,1
DA:362,0
DA:363,0
DA:364,0
DA:366,0
DA:367,0
DA:377,0
DA:387,0
DA:388,0
DA:389,0
DA:390,0
DA:393,0
DA:402,1
DA:412,1
DA:413,1
DA:415,0
DA:416,0
DA:418,0
DA:435,0
DA:441,0
DA:442,0
DA:443,0
DA:444,0
DA:445,0
DA:446,0
DA:464,1
DA:466,0
DA:468,0
DA:471,0
DA:473,1
DA:478,0
DA:479,0
DA:480,0
DA:482,0
DA:493,1
DA:507,1
LF:129
LH:73
BRDA:48,0,0,0
BRDA:48,0,1,1
BRDA:105,1,0,1
BRDA:105,1,1,0
BRDA:138,2,0,1
BRDA:138,2,1,0
BRDA:150,3,0,1
BRDA:150,3,1,0
BRDA:153,4,0,1
BRDA:153,4,1,0
BRDA:153,5,0,1
BRDA:153,5,1,1
BRDA:158,6,0,0
BRDA:158,6,1,1
BRDA:158,7,0,1
BRDA:158,7,1,0
BRDA:163,8,0,1
BRDA:163,8,1,0
BRDA:173,9,0,1
BRDA:173,9,1,0
BRDA:202,10,0,0
BRDA:202,10,1,1
BRDA:202,11,0,1
BRDA:202,11,1,0
BRDA:214,12,0,0
BRDA:214,12,1,1
BRDA:220,13,0,1
BRDA:220,13,1,1
BRDA:226,14,0,1
BRDA:226,14,1,0
BRDA:253,15,0,0
BRDA:253,15,1,1
BRDA:258,16,0,1
BRDA:258,16,1,0
BRDA:260,17,0,1
BRDA:260,17,1,0
BRDA:261,18,0,0
BRDA:261,18,1,1
BRDA:279,19,0,0
BRDA:279,19,1,1
BRDA:279,20,0,1
BRDA:279,20,1,0
BRDA:283,21,0,0
BRDA:283,21,1,1
BRDA:283,22,0,1
BRDA:283,22,1,1
BRDA:287,23,0,0
BRDA:287,23,1,1
BRDA:291,24,0,0
BRDA:291,24,1,1
BRDA:291,25,0,1
BRDA:291,25,1,0
BRDA:295,26,0,0
BRDA:295,26,1,1
BRDA:295,27,0,1
BRDA:295,27,1,0
BRDA:301,28,0,0
BRDA:301,28,1,0
BRDA:335,29,0,0
BRDA:335,29,1,0
BRDA:359,30,0,1
BRDA:359,30,1,0
BRDA:363,31,0,0
BRDA:363,31,1,0
BRDA:388,32,0,0
BRDA:388,32,1,0
BRDA:412,33,0,1
BRDA:412,33,1,0
BRDA:434,34,0,0
BRDA:437,35,0,0
BRDA:437,35,1,0
BRDA:438,36,0,0
BRDA:438,36,1,0
BRDA:439,37,0,0
BRDA:439,37,1,0
BRDA:464,38,0,0
BRDA:464,38,1,0
BRDA:464,38,2,0
BRDA:464,38,3,0
BRDA:464,38,4,1
BRDA:478,39,0,0
BRDA:478,39,1,0
BRF:82
BRH:34
end_of_record
TN:
SF:/Users/jfondriest/githubyext/answers-search-ui/src/answers-umd.js
FN:57,(anonymous_0)
FN:96,(anonymous_1)
FN:115,(anonymous_2)
FN:136,(anonymous_3)
FN:144,(anonymous_4)
FN:148,(anonymous_5)
FN:150,(anonymous_6)
FN:155,(anonymous_7)
FN:177,(anonymous_8)
FN:242,(anonymous_9)
FN:273,(anonymous_10)
FN:319,(anonymous_11)
FN:322,(anonymous_12)
FN:349,(anonymous_13)
FN:357,(anonymous_14)
FN:377,(anonymous_15)
FN:379,(anonymous_16)
FN:381,(anonymous_17)
FN:387,(anonymous_18)
FN:393,(anonymous_19)
FN:402,(anonymous_20)
FN:409,(anonymous_21)
FN:413,(anonymous_22)
FN:423,(anonymous_23)
FN:456,(anonymous_24)
FN:485,(anonymous_25)
FN:489,(anonymous_26)
FN:508,(anonymous_27)
FN:512,(anonymous_28)
FN:521,(anonymous_29)
FN:525,(anonymous_30)
FN:535,(anonymous_31)
FN:544,(anonymous_32)
FN:551,(anonymous_33)
FN:559,(anonymous_34)
FN:567,(anonymous_35)
FN:577,(anonymous_36)
FN:586,(anonymous_37)
FN:599,(anonymous_38)
FN:617,(anonymous_39)
FN:629,(anonymous_40)
FN:635,(anonymous_41)
FN:637,(anonymous_42)
FN:655,(anonymous_43)
FN:658,(anonymous_44)
FN:659,(anonymous_45)
FN:660,(anonymous_46)
FN:661,(anonymous_47)
FN:679,(anonymous_48)
FN:699,(anonymous_49)
FN:718,(anonymous_50)
FN:731,(anonymous_51)
FN:745,(anonymous_52)
FN:761,getServices
FN:779,getMockServices
FN:790,initScrollListener
FN:794,(anonymous_56)
FN:803,(anonymous_57)
FNF:58
FNH:22
FNDA:1,(anonymous_0)
FNDA:0,(anonymous_1)
FNDA:0,(anonymous_2)
FNDA:1,(anonymous_3)
FNDA:0,(anonymous_4)
FNDA:8,(anonymous_5)
FNDA:0,(anonymous_6)
FNDA:0,(anonymous_7)
FNDA:0,(anonymous_8)
FNDA:8,(anonymous_9)
FNDA:0,(anonymous_10)
FNDA:7,(anonymous_11)
FNDA:8,(anonymous_12)
FNDA:1,(anonymous_13)
FNDA:0,(anonymous_14)
FNDA:8,(anonymous_15)
FNDA:7,(anonymous_16)
FNDA:7,(anonymous_17)
FNDA:8,(anonymous_18)
FNDA:0,(anonymous_19)
FNDA:0,(anonymous_20)
FNDA:0,(anonymous_21)
FNDA:0,(anonymous_22)
FNDA:8,(anonymous_23)
FNDA:8,(anonymous_24)
FNDA:0,(anonymous_25)
FNDA:1,(anonymous_26)
FNDA:0,(anonymous_27)
FNDA:0,(anonymous_28)
FNDA:0,(anonymous_29)
FNDA:0,(anonymous_30)
FNDA:0,(anonymous_31)
FNDA:0,(anonymous_32)
FNDA:2,(anonymous_33)
FNDA:1,(anonymous_34)
FNDA:0,(anonymous_35)
FNDA:0,(anonymous_36)
FNDA:0,(anonymous_37)
FNDA:8,(anonymous_38)
FNDA:0,(anonymous_39)
FNDA:8,(anonymous_40)
FNDA:0,(anonymous_41)
FNDA:0,(anonymous_42)
FNDA:0,(anonymous_43)
FNDA:0,(anonymous_44)
FNDA:0,(anonymous_45)
FNDA:0,(anonymous_46)
FNDA:0,(anonymous_47)
FNDA:0,(anonymous_48)
FNDA:0,(anonymous_49)
FNDA:0,(anonymous_50)
FNDA:8,(anonymous_51)
FNDA:4,(anonymous_52)
FNDA:8,getServices
FNDA:0,getMockServices
FNDA:7,initScrollListener
FNDA:0,(anonymous_56)
FNDA:0,(anonymous_57)
DA:46,1
DA:58,1
DA:59,0
DA:66,1
DA:72,1
DA:77,1
DA:84,1
DA:90,1
DA:96,1
DA:97,0
DA:103,1
DA:109,1
DA:115,1
DA:121,1
DA:127,1
DA:133,1
DA:137,1
DA:138,1
DA:139,1
DA:141,0
DA:145,0
DA:149,8
DA:151,0
DA:152,0
DA:156,0
DA:157,0
DA:158,0
DA:159,0
DA:160,0
DA:161,0
DA:162,0
DA:164,0
DA:165,0
DA:167,0
DA:168,0
DA:170,0
DA:173,0
DA:174,0
DA:177,0
DA:178,0
DA:179,0
DA:181,0
DA:182,0
DA:185,0
DA:187,0
DA:188,0
DA:193,8
DA:194,8
DA:195,8
DA:196,8
DA:197,8
DA:201,8
DA:202,8
DA:203,8
DA:209,0
DA:214,8
DA:216,8
DA:217,8
DA:218,5
DA:221,8
DA:222,8
DA:223,0
DA:224,0
DA:227,8
DA:228,8
DA:233,8
DA:243,8
DA:244,8
DA:245,8
DA:247,8
DA:248,8
DA:250,8
DA:251,8
DA:255,8
DA:257,8
DA:258,0
DA:259,8
DA:260,7
DA:270,7
DA:273,0
DA:276,7
DA:277,7
DA:278,7
DA:282,7
DA:285,8
DA:302,8
DA:303,0
DA:308,8
DA:311,8
DA:313,8
DA:314,3
DA:316,5
DA:319,8
DA:321,8
DA:322,8
DA:323,8
DA:325,8
DA:326,8
DA:327,7
DA:328,7
DA:334,7
DA:337,8
DA:338,1
DA:341,8
DA:342,0
DA:345,8
DA:350,1
DA:354,1
DA:358,0
DA:359,0
DA:378,8
DA:379,7
DA:380,8
DA:381,7
DA:382,1
DA:383,1
DA:388,8
DA:389,8
DA:390,8
DA:394,0
DA:395,0
DA:396,0
DA:397,0
DA:402,0
DA:403,0
DA:405,0
DA:410,0
DA:414,0
DA:415,0
DA:424,8
DA:426,8
DA:427,8
DA:428,0
DA:430,8
DA:432,8
DA:433,8
DA:434,0
DA:436,8
DA:438,8
DA:439,8
DA:440,8
DA:441,8
DA:445,8
DA:448,8
DA:459,8
DA:460,0
DA:463,8
DA:464,0
DA:467,8
DA:468,0
DA:471,8
DA:472,0
DA:475,8
DA:476,0
DA:486,0
DA:490,1
DA:491,0
DA:496,1
DA:497,1
DA:499,0
DA:501,1
DA:509,0
DA:513,0
DA:522,0
DA:526,0
DA:527,0
DA:536,0
DA:545,0
DA:552,2
DA:560,1
DA:568,0
DA:569,0
DA:578,0
DA:587,0
DA:600,8
DA:601,8
DA:603,0
DA:604,0
DA:605,0
DA:607,0
DA:608,0
DA:618,0
DA:630,8
DA:631,8
DA:632,8
DA:633,8
DA:635,0
DA:636,0
DA:638,0
DA:639,0
DA:656,0
DA:662,0
DA:663,0
DA:664,0
DA:665,0
DA:666,0
DA:667,0
DA:680,0
DA:681,0
DA:682,0
DA:683,0
DA:686,0
DA:700,0
DA:701,0
DA:703,0
DA:704,0
DA:705,0
DA:708,0
DA:710,0
DA:719,0
DA:732,8
DA:734,0
DA:736,0
DA:739,0
DA:741,8
DA:746,4
DA:747,3
DA:748,3
DA:750,1
DA:751,1
DA:762,8
DA:780,0
DA:791,7
DA:792,7
DA:794,7
DA:795,0
DA:796,0
DA:797,0
DA:798,0
DA:803,7
DA:804,0
DA:805,0
DA:809,1
LF:233
LH:125
BRDA:58,0,0,0
BRDA:58,0,1,1
BRDA:137,1,0,1
BRDA:137,1,1,0
BRDA:151,2,0,0
BRDA:151,2,1,0
BRDA:157,3,0,0
BRDA:157,3,1,0
BRDA:167,4,0,0
BRDA:167,4,1,0
BRDA:173,5,0,0
BRDA:173,5,1,0
BRDA:178,6,0,0
BRDA:178,6,1,0
BRDA:187,7,0,0
BRDA:187,7,1,0
BRDA:202,8,0,8
BRDA:202,8,1,0
BRDA:214,9,0,8
BRDA:214,9,1,0
BRDA:217,10,0,5
BRDA:217,10,1,3
BRDA:217,11,0,8
BRDA:217,11,1,6
BRDA:222,12,0,0
BRDA:222,12,1,8
BRDA:222,13,0,8
BRDA:222,13,1,0
BRDA:227,14,0,8
BRDA:227,14,1,0
BRDA:251,15,0,0
BRDA:251,15,1,8
BRDA:257,16,0,0
BRDA:257,16,1,8
BRDA:257,17,0,8
BRDA:257,17,1,7
BRDA:259,18,0,7
BRDA:259,18,1,1
BRDA:302,19,0,0
BRDA:302,19,1,8
BRDA:302,20,0,8
BRDA:302,20,1,0
BRDA:313,21,0,3
BRDA:313,21,1,5
BRDA:319,22,0,8
BRDA:319,22,1,7
BRDA:326,23,0,7
BRDA:326,23,1,1
BRDA:326,24,0,8
BRDA:326,24,1,7
BRDA:332,25,0,7
BRDA:332,25,1,7
BRDA:337,26,0,1
BRDA:337,26,1,7
BRDA:341,27,0,0
BRDA:341,27,1,8
BRDA:380,28,0,7
BRDA:380,28,1,1
BRDA:381,29,0,7
BRDA:381,29,1,7
BRDA:382,30,0,1
BRDA:382,30,1,0
BRDA:394,31,0,0
BRDA:394,31,1,0
BRDA:394,32,0,0
BRDA:394,32,1,0
BRDA:395,33,0,0
BRDA:395,33,1,0
BRDA:427,34,0,0
BRDA:427,34,1,8
BRDA:433,35,0,0
BRDA:433,35,1,8
BRDA:438,36,0,8
BRDA:438,36,1,0
BRDA:440,37,0,8
BRDA:440,37,1,0
BRDA:441,38,0,0
BRDA:441,38,1,8
BRDA:459,39,0,0
BRDA:459,39,1,8
BRDA:459,40,0,8
BRDA:459,40,1,0
BRDA:463,41,0,0
BRDA:463,41,1,8
BRDA:463,42,0,8
BRDA:463,42,1,8
BRDA:467,43,0,0
BRDA:467,43,1,8
BRDA:471,44,0,0
BRDA:471,44,1,8
BRDA:471,45,0,8
BRDA:471,45,1,0
BRDA:475,46,0,0
BRDA:475,46,1,8
BRDA:475,47,0,8
BRDA:475,47,1,0
BRDA:490,48,0,0
BRDA:490,48,1,1
BRDA:568,49,0,0
BRDA:568,49,1,0
BRDA:600,50,0,8
BRDA:600,50,1,0
BRDA:604,51,0,0
BRDA:604,51,1,0
BRDA:631,52,0,8
BRDA:631,52,1,0
BRDA:655,53,0,0
BRDA:658,54,0,0
BRDA:658,54,1,0
BRDA:659,55,0,0
BRDA:659,55,1,0
BRDA:660,56,0,0
BRDA:660,56,1,0
BRDA:681,57,0,0
BRDA:681,57,1,0
BRDA:701,58,0,0
BRDA:701,58,1,0
BRDA:703,59,0,0
BRDA:703,59,1,0
BRDA:732,60,0,0
BRDA:732,60,1,0
BRDA:732,60,2,0
BRDA:732,60,3,0
BRDA:732,60,4,8
BRDA:746,61,0,3
BRDA:746,61,1,1
BRDA:795,62,0,0
BRDA:795,62,1,0
BRDA:797,63,0,0
BRDA:797,63,1,0
BRF:130
BRH:58
end_of_record
TN:
SF:/Users/jfondriest/githubyext/answers-search-ui/src/core/constants.js
FNF:0
FNH:0
DA:4,36
DA:7,36
DA:10,36
DA:13,36
DA:15,36
DA:18,36
DA:21,36
DA:24,36
DA:27,36
DA:30,36
DA:32,36
LF:11
LH:11
BRF:0
BRH:0
end_of_record
TN:
SF:/Users/jfondriest/githubyext/answers-search-ui/src/core/core.js
FN:37,(anonymous_0)
FN:104,(anonymous_1)
FN:110,(anonymous_2)
FN:145,(anonymous_3)
FN:154,(anonymous_4)
FN:161,(anonymous_5)
FN:186,(anonymous_6)
FN:197,(anonymous_7)
FN:219,(anonymous_8)
FN:289,(anonymous_9)
FN:290,(anonymous_10)
FN:339,(anonymous_11)
FN:343,(anonymous_12)
FN:348,(anonymous_13)
FN:368,(anonymous_14)
FN:372,(anonymous_15)
FN:414,(anonymous_16)
FN:415,(anonymous_17)
FN:438,(anonymous_18)
FN:442,(anonymous_19)
FN:453,(anonymous_20)
FN:463,(anonymous_21)
FN:466,(anonymous_22)
FN:480,(anonymous_23)
FN:509,(anonymous_24)
FN:511,(anonymous_25)
FN:535,(anonymous_26)
FN:542,(anonymous_27)
FN:543,(anonymous_28)
FN:546,(anonymous_29)
FN:559,(anonymous_30)
FN:567,(anonymous_31)
FN:568,(anonymous_32)
FN:571,(anonymous_33)
FN:585,(anonymous_34)
FN:586,(anonymous_35)
FN:601,(anonymous_36)
FN:602,(anonymous_37)
FN:603,(anonymous_38)
FN:605,(anonymous_39)
FN:620,(anonymous_40)
FN:627,(anonymous_41)
FN:631,(anonymous_42)
FN:641,(anonymous_43)
FN:642,(anonymous_44)
FN:655,(anonymous_45)
FN:663,(anonymous_46)
FN:671,(anonymous_47)
FN:675,(anonymous_48)
FN:689,(anonymous_49)
FN:697,(anonymous_50)
FN:705,(anonymous_51)
FN:718,(anonymous_52)
FN:728,(anonymous_53)
FN:736,(anonymous_54)
FN:744,(anonymous_55)
FN:751,(anonymous_56)
FN:758,(anonymous_57)
FN:767,(anonymous_58)
FN:780,(anonymous_59)
FN:796,(anonymous_60)
FN:813,(anonymous_61)
FN:823,(anonymous_62)
FN:831,(anonymous_63)
FN:840,(anonymous_64)
FN:849,(anonymous_65)
FN:853,(anonymous_66)
FN:866,(anonymous_67)
FN:890,(anonymous_68)
FNF:69
FNH:34
FNDA:17,(anonymous_0)
FNDA:0,(anonymous_1)
FNDA:0,(anonymous_2)
FNDA:2,(anonymous_3)
FNDA:0,(anonymous_4)
FNDA:18,(anonymous_5)
FNDA:0,(anonymous_6)
FNDA:1,(anonymous_7)
FNDA:4,(anonymous_8)
FNDA:4,(anonymous_9)
FNDA:0,(anonymous_10)
FNDA:4,(anonymous_11)
FNDA:4,(anonymous_12)
FNDA:0,(anonymous_13)
FNDA:0,(anonymous_14)
FNDA:6,(anonymous_15)
FNDA:6,(anonymous_16)
FNDA:1,(anonymous_17)
FNDA:6,(anonymous_18)
FNDA:6,(anonymous_19)
FNDA:0,(anonymous_20)
FNDA:0,(anonymous_21)
FNDA:0,(anonymous_22)
FNDA:10,(anonymous_23)
FNDA:0,(anonymous_24)
FNDA:0,(anonymous_25)
FNDA:1,(anonymous_26)
FNDA:1,(anonymous_27)
FNDA:0,(anonymous_28)
FNDA:1,(anonymous_29)
FNDA:1,(anonymous_30)
FNDA:1,(anonymous_31)
FNDA:0,(anonymous_32)
FNDA:1,(anonymous_33)
FNDA:1,(anonymous_34)
FNDA:1,(anonymous_35)
FNDA:1,(anonymous_36)
FNDA:0,(anonymous_37)
FNDA:0,(anonymous_38)
FNDA:1,(anonymous_39)
FNDA:1,(anonymous_40)
FNDA:1,(anonymous_41)
FNDA:0,(anonymous_42)
FNDA:0,(anonymous_43)
FNDA:0,(anonymous_44)
FNDA:0,(anonymous_45)
FNDA:1,(anonymous_46)
FNDA:0,(anonymous_47)
FNDA:1,(anonymous_48)
FNDA:0,(anonymous_49)
FNDA:0,(anonymous_50)
FNDA:4,(anonymous_51)
FNDA:0,(anonymous_52)
FNDA:0,(anonymous_53)
FNDA:0,(anonymous_54)
FNDA:0,(anonymous_55)
FNDA:0,(anonymous_56)
FNDA:0,(anonymous_57)
FNDA:10,(anonymous_58)
FNDA:10,(anonymous_59)
FNDA:0,(anonymous_60)
FNDA:4,(anonymous_61)
FNDA:0,(anonymous_62)
FNDA:0,(anonymous_63)
FNDA:0,(anonymous_64)
FNDA:0,(anonymous_65)
FNDA:0,(anonymous_66)
FNDA:1,(anonymous_67)
FNDA:10,(anonymous_68)
DA:43,17
DA:50,17
DA:57,17
DA:64,17
DA:72,17
DA:79,17
DA:85,17
DA:92,17
DA:98,17
DA:104,17
DA:110,17
DA:116,17
DA:122,17
DA:128,17
DA:131,17
DA:134,17
DA:137,17
DA:146,2
DA:155,0
DA:162,18
DA:163,18
DA:164,18
DA:179,18
DA:187,0
DA:198,1
DA:199,1
DA:200,0
DA:201,0
DA:220,4
DA:221,4
DA:222,4
DA:223,4
DA:224,4
DA:226,4
DA:227,4
DA:228,4
DA:231,4
DA:232,4
DA:233,0
DA:236,4
DA:237,4
DA:240,4
DA:241,4
DA:243,4
DA:244,4
DA:246,4
DA:247,0
DA:248,0
DA:250,0
DA:251,0
DA:255,4
DA:256,4
DA:257,4
DA:262,4
DA:263,4
DA:264,4
DA:266,4
DA:289,4
DA:291,0
DA:292,0
DA:293,0
DA:294,0
DA:296,0
DA:297,0
DA:298,0
DA:299,0
DA:301,0
DA:302,0
DA:304,0
DA:305,0
DA:306,0
DA:309,0
DA:310,0
DA:313,0
DA:314,0
DA:315,0
DA:317,0
DA:318,0
DA:320,0
DA:321,0
DA:323,0
DA:324,0
DA:326,0
DA:332,0
DA:333,0
DA:334,0
DA:336,0
DA:337,0
DA:340,4
DA:341,4
DA:344,4
DA:349,0
DA:350,0
DA:351,0
DA:352,0
DA:353,0
DA:354,0
DA:355,0
DA:356,0
DA:357,0
DA:358,0
DA:359,0
DA:360,0
DA:361,0
DA:362,0
DA:369,0
DA:373,6
DA:374,6
DA:375,6
DA:376,6
DA:377,6
DA:379,6
DA:380,1
DA:381,0
DA:383,1
DA:384,1
DA:388,6
DA:389,6
DA:390,6
DA:391,5
DA:393,6
DA:394,6
DA:395,6
DA:397,6
DA:398,6
DA:400,6
DA:414,6
DA:416,1
DA:417,1
DA:418,0
DA:419,0
DA:420,0
DA:421,0
DA:422,0
DA:423,0
DA:425,0
DA:426,0
DA:428,0
DA:431,0
DA:432,0
DA:433,0
DA:435,0
DA:436,0
DA:439,6
DA:440,6
DA:443,6
DA:454,0
DA:455,0
DA:456,0
DA:464,0
DA:465,0
DA:467,0
DA:468,0
DA:481,10
DA:484,10
DA:485,10
DA:486,10
DA:487,10
DA:489,10
DA:490,10
DA:491,10
DA:492,10
DA:494,10
DA:495,10
DA:496,10
DA:497,10
DA:510,0
DA:512,0
DA:513,0
DA:517,0
DA:520,0
DA:526,0
DA:536,1
DA:542,1
DA:544,0
DA:545,0
DA:547,1
DA:560,1
DA:567,1
DA:569,0
DA:570,0
DA:572,1
DA:586,1
DA:591,1
DA:601,1
DA:602,0
DA:604,0
DA:606,1
DA:621,1
DA:628,1
DA:632,0
DA:633,0
DA:642,0
DA:643,0
DA:649,0
DA:656,0
DA:664,1
DA:672,0
DA:676,1
DA:679,1
DA:682,1
DA:690,0
DA:698,0
DA:706,4
DA:719,0
DA:729,0
DA:737,0
DA:745,0
DA:752,0
DA:759,0
DA:768,10
DA:769,10
DA:781,10
DA:783,9
DA:785,1
DA:797,0
DA:802,0
DA:803,0
DA:805,0
DA:814,4
DA:815,4
DA:824,0
DA:825,0
DA:832,0
DA:833,0
DA:834,0
DA:841,0
DA:842,0
DA:843,0
DA:845,0
DA:850,0
DA:854,0
DA:859,0
DA:867,1
DA:868,1
DA:869,1
DA:872,0
DA:873,0
DA:875,0
DA:876,0
DA:877,0
DA:878,0
DA:880,0
DA:881,0
DA:882,0
DA:884,0
DA:887,0
DA:891,10
DA:892,3
DA:893,3
DA:894,3
DA:895,2
DA:896,2
DA:898,3
DA:900,0
DA:903,7
LF:256
LH:125
BRDA:37,0,0,0
BRDA:79,1,0,17
BRDA:79,1,1,17
BRDA:104,2,0,17
BRDA:104,2,1,17
BRDA:110,3,0,17
BRDA:110,3,1,17
BRDA:116,4,0,17
BRDA:116,4,1,8
BRDA:128,5,0,17
BRDA:128,5,1,17
BRDA:162,6,0,0
BRDA:162,6,1,18
BRDA:163,7,0,0
BRDA:163,7,1,18
BRDA:165,8,0,18
BRDA:165,8,1,0
BRDA:166,9,0,18
BRDA:166,9,1,10
BRDA:199,10,0,0
BRDA:199,10,1,1
BRDA:199,11,0,1
BRDA:199,11,1,0
BRDA:219,12,0,3
BRDA:219,13,0,4
BRDA:221,14,0,4
BRDA:221,14,1,0
BRDA:223,15,0,4
BRDA:223,15,1,0
BRDA:223,16,0,4
BRDA:223,16,1,0
BRDA:232,17,0,0
BRDA:232,17,1,4
BRDA:236,18,0,4
BRDA:236,18,1,0
BRDA:243,19,0,4
BRDA:243,19,1,4
BRDA:246,20,0,0
BRDA:246,20,1,4
BRDA:247,21,0,0
BRDA:247,21,1,0
BRDA:250,22,0,0
BRDA:250,22,1,0
BRDA:255,23,0,4
BRDA:255,23,1,4
BRDA:256,24,0,4
BRDA:256,24,1,0
BRDA:268,25,0,4
BRDA:268,25,1,3
BRDA:272,26,0,4
BRDA:272,26,1,0
BRDA:276,27,0,4
BRDA:276,27,1,4
BRDA:283,28,0,0
BRDA:283,28,1,4
BRDA:284,29,0,4
BRDA:284,29,1,1
BRDA:301,30,0,0
BRDA:301,30,1,0
BRDA:305,31,0,0
BRDA:305,31,1,0
BRDA:313,32,0,0
BRDA:313,32,1,0
BRDA:317,33,0,0
BRDA:317,33,1,0
BRDA:320,34,0,0
BRDA:320,34,1,0
BRDA:333,35,0,0
BRDA:333,35,1,0
BRDA:372,36,0,5
BRDA:379,37,0,1
BRDA:379,37,1,5
BRDA:380,38,0,0
BRDA:380,38,1,1
BRDA:383,39,0,1
BRDA:383,39,1,0
BRDA:390,40,0,5
BRDA:390,40,1,1
BRDA:390,41,0,6
BRDA:390,41,1,1
BRDA:409,42,0,6
BRDA:409,42,1,1
BRDA:432,43,0,0
BRDA:432,43,1,0
BRDA:481,44,0,6
BRDA:481,44,1,4
BRDA:485,45,0,10
BRDA:485,45,1,0
BRDA:485,46,0,10
BRDA:485,46,1,10
BRDA:490,47,0,10
BRDA:490,47,1,0
BRDA:490,48,0,10
BRDA:490,48,1,10
BRDA:495,49,0,10
BRDA:495,49,1,0
BRDA:495,50,0,10
BRDA:495,50,1,10
BRDA:676,51,0,0
BRDA:676,51,1,1
BRDA:678,52,0,1
BRDA:678,52,1,0
BRDA:679,53,0,1
BRDA:679,53,1,0
BRDA:718,54,0,0
BRDA:718,55,0,0
BRDA:769,56,0,10
BRDA:769,56,1,0
BRDA:781,57,0,9
BRDA:781,57,1,1
BRDA:802,58,0,0
BRDA:802,58,1,0
BRDA:815,59,0,0
BRDA:815,59,1,4
BRDA:842,60,0,0
BRDA:842,60,1,0
BRDA:842,61,0,0
BRDA:842,61,1,0
BRDA:868,62,0,1
BRDA:868,62,1,0
BRDA:875,63,0,0
BRDA:875,63,1,0
BRDA:875,64,0,0
BRDA:875,64,1,0
BRDA:881,65,0,0
BRDA:881,65,1,0
BRDA:891,66,0,3
BRDA:891,66,1,7
BRDA:894,67,0,2
BRDA:894,67,1,1
BRF:130
BRH:72
end_of_record
TN:
SF:/Users/jfondriest/githubyext/answers-search-ui/src/core/index.js
FNF:0
FNH:0
LF:0
LH:0
BRF:0
BRH:0
end_of_record
TN:
SF:/Users/jfondriest/githubyext/answers-search-ui/src/core/analytics/analyticsevent.js
FN:5,(anonymous_0)
FN:25,(anonymous_1)
FN:33,(anonymous_2)
FN:41,(anonymous_3)
FNF:4
FNH:4
FNDA:28,(anonymous_0)
FNDA:31,(anonymous_1)
FNDA:10,(anonymous_2)
FNDA:11,(anonymous_3)
DA:10,28
DA:16,28
DA:17,0
DA:26,31
DA:27,31
DA:34,10
DA:42,11
DA:43,11
DA:44,11
DA:45,11
LF:10
LH:9
BRDA:16,0,0,0
BRDA:16,0,1,28
BRF:2
BRH:1
end_of_record
TN:
SF:/Users/jfondriest/githubyext/answers-search-ui/src/core/analytics/analyticsreporter.js
FN:16,(anonymous_0)
FN:76,(anonymous_1)
FN:80,(anonymous_2)
FN:84,(anonymous_3)
FN:91,(anonymous_4)
FN:99,(anonymous_5)
FN:110,(anonymous_6)
FN:143,(anonymous_7)
FNF:8
FNH:6
FNDA:18,(anonymous_0)
FNDA:0,(anonymous_1)
FNDA:0,(anonymous_2)
FNDA:1,(anonymous_3)
FNDA:1,(anonymous_4)
FNDA:2,(anonymous_5)
FNDA:12,(anonymous_6)
FNDA:2,(anonymous_7)
DA:28,18
DA:34,18
DA:41,18
DA:48,18
DA:55,18
DA:62,18
DA:69,18
DA:71,18
DA:72,1
DA:77,0
DA:81,0
DA:85,1
DA:92,1
DA:100,2
DA:111,12
DA:112,2
DA:114,10
DA:115,10
DA:116,1
DA:117,1
DA:118,9
DA:119,1
DA:122,10
DA:123,1
DA:124,1
DA:127,9
DA:128,8
DA:130,1
DA:136,9
DA:144,2
LF:30
LH:28
BRDA:21,0,0,15
BRDA:22,1,0,18
BRDA:23,2,0,18
BRDA:71,3,0,1
BRDA:71,3,1,17
BRDA:110,4,0,11
BRDA:110,5,0,11
BRDA:111,6,0,2
BRDA:111,6,1,10
BRDA:115,7,0,1
BRDA:115,7,1,9
BRDA:115,8,0,10
BRDA:115,8,1,2
BRDA:118,9,0,1
BRDA:118,9,1,8
BRDA:122,10,0,1
BRDA:122,10,1,9
BRDA:127,11,0,8
BRDA:127,11,1,1
BRF:19
BRH:19
end_of_record
TN:
SF:/Users/jfondriest/githubyext/answers-search-ui/src/core/analytics/createimpressionevent.js
FN:12,createImpressionEvent
FNF:1
FNH:1
FNDA:8,createImpressionEvent
DA:16,8
LF:1
LH:1
BRDA:13,0,0,0
BRDA:14,1,0,0
BRDA:18,2,0,0
BRDA:18,2,1,8
BRDA:19,3,0,8
BRDA:19,3,1,0
BRF:6
BRH:2
end_of_record
TN:
SF:/Users/jfondriest/githubyext/answers-search-ui/src/core/analytics/noopanalyticsreporter.js
FN:8,(anonymous_0)
FN:13,(anonymous_1)
FNF:2
FNH:0
FNDA:0,(anonymous_0)
FNDA:0,(anonymous_1)
DA:9,0
LF:1
LH:0
BRF:0
BRH:0
end_of_record
TN:
SF:/Users/jfondriest/githubyext/answers-search-ui/src/core/analytics/visibilityanalyticshandler.js
FN:15,(anonymous_0)
FN:27,(anonymous_1)
FN:33,(anonymous_2)
FN:48,(anonymous_3)
FN:61,(anonymous_4)
FN:73,(anonymous_5)
FN:87,(anonymous_6)
FN:96,(anonymous_7)
FN:105,(anonymous_8)
FNF:9
FNH:2
FNDA:7,(anonymous_0)
FNDA:7,(anonymous_1)
FNDA:0,(anonymous_2)
FNDA:0,(anonymous_3)
FNDA:0,(anonymous_4)
FNDA:0,(anonymous_5)
FNDA:0,(anonymous_6)
FNDA:0,(anonymous_7)
FNDA:0,(anonymous_8)
DA:6,1
DA:16,7
DA:17,7
DA:18,7
DA:33,7
DA:34,0
DA:35,0
DA:36,0
DA:37,0
DA:38,0
DA:39,0
DA:47,7
DA:48,0
DA:49,0
DA:50,0
DA:61,7
DA:62,0
DA:63,0
DA:64,0
DA:65,0
DA:66,0
DA:67,0
DA:70,7
DA:74,0
DA:75,0
DA:76,0
DA:88,0
DA:97,0
DA:106,0
DA:107,0
DA:108,0
DA:110,0
DA:111,0
DA:112,0
LF:34
LH:8
BRDA:34,0,0,0
BRDA:34,0,1,0
BRDA:37,1,0,0
BRDA:37,1,1,0
BRDA:47,2,0,0
BRDA:47,2,1,7
BRDA:49,3,0,0
BRDA:49,3,1,0
BRDA:74,4,0,0
BRDA:74,4,1,0
BRDA:88,5,0,0
BRDA:88,5,1,0
BRDA:97,6,0,0
BRDA:97,6,1,0
BRDA:107,7,0,0
BRDA:107,7,1,0
BRDA:110,8,0,0
BRDA:110,8,1,0
BRF:18
BRH:1
end_of_record
TN:
SF:/Users/jfondriest/githubyext/answers-search-ui/src/core/errors/consoleerrorreporter.js
FN:8,(anonymous_0)
FNF:1
FNH:0
FNDA:0,(anonymous_0)
DA:9,0
LF:1
LH:0
BRF:0
BRH:0
end_of_record
TN:
SF:/Users/jfondriest/githubyext/answers-search-ui/src/core/errors/errorreporter.js
FN:16,(anonymous_0)
FN:66,(anonymous_1)
FN:67,(anonymous_2)
FN:77,(anonymous_3)
FN:115,(anonymous_4)
FNF:5
FNH:1
FNDA:9,(anonymous_0)
FNDA:0,(anonymous_1)
FNDA:0,(anonymous_2)
FNDA:0,(anonymous_3)
FNDA:0,(anonymous_4)
DA:21,9
DA:27,9
DA:33,9
DA:39,9
DA:45,9
DA:51,9
DA:52,0
DA:56,9
DA:63,9
DA:66,9
DA:67,9
DA:78,0
DA:79,0
DA:82,0
DA:84,0
DA:86,0
DA:87,0
DA:99,0
DA:104,0
DA:108,0
DA:116,0
DA:117,0
DA:122,0
LF:23
LH:10
BRDA:33,0,0,9
BRDA:33,0,1,9
BRDA:51,1,0,0
BRDA:51,1,1,9
BRDA:51,2,0,9
BRDA:51,2,1,9
BRDA:78,3,0,0
BRDA:78,3,1,0
BRDA:78,4,0,0
BRDA:78,4,1,0
BRDA:86,5,0,0
BRDA:86,5,1,0
BRDA:116,6,0,0
BRDA:116,6,1,0
BRF:14
BRH:5
end_of_record
TN:
SF:/Users/jfondriest/githubyext/answers-search-ui/src/core/errors/errors.js
FN:15,(anonymous_0)
FN:30,(anonymous_1)
FN:34,(anonymous_2)
FN:42,(anonymous_3)
FN:55,(anonymous_4)
FN:65,(anonymous_5)
FN:75,(anonymous_6)
FN:86,(anonymous_7)
FN:96,(anonymous_8)
FN:106,(anonymous_9)
FN:116,(anonymous_10)
FN:128,(anonymous_11)
FNF:12
FNH:5
FNDA:20,(anonymous_0)
FNDA:0,(anonymous_1)
FNDA:1,(anonymous_2)
FNDA:0,(anonymous_3)
FNDA:2,(anonymous_4)
FNDA:0,(anonymous_5)
FNDA:0,(anonymous_6)
FNDA:2,(anonymous_7)
FNDA:0,(anonymous_8)
FNDA:0,(anonymous_9)
FNDA:16,(anonymous_10)
FNDA:0,(anonymous_11)
DA:16,20
DA:17,20
DA:18,20
DA:19,20
DA:20,20
DA:22,20
DA:23,0
DA:26,0
DA:31,0
DA:35,1
DA:36,1
DA:37,0
DA:39,1
DA:43,0
DA:44,0
DA:45,0
DA:56,2
DA:66,0
DA:76,0
DA:87,2
DA:97,0
DA:107,0
DA:117,16
DA:118,16
DA:119,16
DA:129,0
DA:130,0
LF:27
LH:14
BRDA:15,0,0,0
BRDA:15,1,0,20
BRDA:22,2,0,0
BRDA:22,2,1,20
BRDA:23,3,0,0
BRDA:23,3,1,0
BRDA:36,4,0,0
BRDA:36,4,1,1
BRF:8
BRH:3
end_of_record
TN:
SF:/Users/jfondriest/githubyext/answers-search-ui/src/core/eventemitter/eventemitter.js
FN:8,(anonymous_0)
FN:23,(anonymous_1)
FN:49,(anonymous_2)
FN:57,(anonymous_3)
FN:67,(anonymous_4)
FNF:5
FNH:3
FNDA:248,(anonymous_0)
FNDA:242,(anonymous_1)
FNDA:0,(anonymous_2)
FNDA:0,(anonymous_3)
FNDA:366,(anonymous_4)
DA:14,248
DA:24,242
DA:25,0
DA:28,242
DA:29,242
DA:32,242
DA:38,242
DA:50,0
DA:58,0
DA:59,0
DA:68,366
DA:69,366
DA:70,242
DA:74,124
DA:75,124
DA:76,124
DA:77,124
DA:78,0
DA:83,124
DA:87,124
DA:88,124
LF:21
LH:16
BRDA:24,0,0,0
BRDA:24,0,1,242
BRDA:28,1,0,242
BRDA:28,1,1,0
BRDA:35,2,0,242
BRDA:35,2,1,242
BRDA:69,3,0,242
BRDA:69,3,1,124
BRDA:77,4,0,0
BRDA:77,4,1,124
BRF:10
BRH:7
end_of_record
TN:
SF:/Users/jfondriest/githubyext/answers-search-ui/src/core/filters/combinedfilternode.js
FN:15,(anonymous_0)
FN:35,(anonymous_1)
FN:36,(anonymous_2)
FN:52,(anonymous_3)
FN:60,(anonymous_4)
FN:68,(anonymous_5)
FN:69,(anonymous_6)
FN:76,(anonymous_7)
FN:77,(anonymous_8)
FNF:9
FNH:7
FNDA:63,(anonymous_0)
FNDA:61,(anonymous_1)
FNDA:141,(anonymous_2)
FNDA:8,(anonymous_3)
FNDA:16,(anonymous_4)
FNDA:3,(anonymous_5)
FNDA:6,(anonymous_6)
FNDA:0,(anonymous_7)
FNDA:0,(anonymous_8)
DA:16,63
DA:17,63
DA:22,63
DA:27,63
DA:28,63
DA:36,141
DA:37,61
DA:39,11
DA:41,50
DA:43,0
DA:53,8
DA:61,16
DA:69,6
DA:77,0
DA:78,0
LF:15
LH:12
BRDA:15,0,0,0
BRDA:27,1,0,63
BRDA:27,1,1,0
BRDA:37,2,0,11
BRDA:37,2,1,50
BRF:5
BRH:3
end_of_record
TN:
SF:/Users/jfondriest/githubyext/answers-search-ui/src/core/filters/filtercombinators.js
FNF:0
FNH:0
DA:6,39
LF:1
LH:1
BRF:0
BRH:0
end_of_record
TN:
SF:/Users/jfondriest/githubyext/answers-search-ui/src/core/filters/filtermetadata.js
FN:9,(anonymous_0)
FNF:1
FNH:1
FNDA:766,(anonymous_0)
DA:10,766
DA:16,766
DA:24,766
DA:30,766
DA:31,766
LF:5
LH:5
BRDA:9,0,0,106
BRDA:30,1,0,766
BRDA:30,1,1,321
BRF:3
BRH:3
end_of_record
TN:
SF:/Users/jfondriest/githubyext/answers-search-ui/src/core/filters/filternode.js
FN:16,(anonymous_0)
FN:22,(anonymous_1)
FN:28,(anonymous_2)
FN:34,(anonymous_3)
FN:39,(anonymous_4)
FNF:5
FNH:0
FNDA:0,(anonymous_0)
FNDA:0,(anonymous_1)
FNDA:0,(anonymous_2)
FNDA:0,(anonymous_3)
FNDA:0,(anonymous_4)
LF:0
LH:0
BRF:0
BRH:0
end_of_record
TN:
SF:/Users/jfondriest/githubyext/answers-search-ui/src/core/filters/filternodefactory.js
FN:17,(anonymous_0)
FN:26,(anonymous_1)
FN:37,(anonymous_2)
FN:38,(anonymous_3)
FN:56,(anonymous_4)
FNF:5
FNH:5
FNDA:185,(anonymous_0)
FNDA:119,(anonymous_1)
FNDA:304,(anonymous_2)
FNDA:298,(anonymous_3)
FNDA:390,(anonymous_4)
DA:18,185
DA:27,119
DA:38,304
DA:39,304
DA:40,86
DA:42,218
DA:43,155
DA:45,63
DA:57,390
DA:58,0
DA:60,390
LF:11
LH:10
BRDA:39,0,0,86
BRDA:39,0,1,218
BRDA:42,1,0,155
BRDA:42,1,1,63
BRDA:56,2,0,10
BRDA:57,3,0,0
BRDA:57,3,1,390
BRDA:57,4,0,390
BRDA:57,4,1,0
BRF:9
BRH:7
end_of_record
TN:
SF:/Users/jfondriest/githubyext/answers-search-ui/src/core/filters/filterregistry.js
FN:16,(anonymous_0)
FN:36,(anonymous_1)
FN:52,(anonymous_2)
FN:54,(anonymous_3)
FN:66,(anonymous_4)
FN:76,(anonymous_5)
FN:78,(anonymous_6)
FN:92,(anonymous_7)
FN:106,(anonymous_8)
FN:107,(anonymous_9)
FN:131,(anonymous_10)
FN:147,(anonymous_11)
FN:168,(anonymous_12)
FN:184,(anonymous_13)
FN:185,(anonymous_14)
FN:197,(anonymous_15)
FN:209,(anonymous_16)
FN:211,(anonymous_17)
FN:225,(anonymous_18)
FN:235,(anonymous_19)
FN:248,(anonymous_20)
FN:258,(anonymous_21)
FN:266,(anonymous_22)
FN:273,(anonymous_23)
FN:280,(anonymous_24)
FN:283,(anonymous_25)
FNF:26
FNH:23
FNDA:38,(anonymous_0)
FNDA:0,(anonymous_1)
FNDA:25,(anonymous_2)
FNDA:63,(anonymous_3)
FNDA:14,(anonymous_4)
FNDA:11,(anonymous_5)
FNDA:12,(anonymous_6)
FNDA:1,(anonymous_7)
FNDA:12,(anonymous_8)
FNDA:22,(anonymous_9)
FNDA:17,(anonymous_10)
FNDA:2,(anonymous_11)
FNDA:6,(anonymous_12)
FNDA:11,(anonymous_13)
FNDA:13,(anonymous_14)
FNDA:10,(anonymous_15)
FNDA:8,(anonymous_16)
FNDA:10,(anonymous_17)
FNDA:6,(anonymous_18)
FNDA:10,(anonymous_19)
FNDA:19,(anonymous_20)
FNDA:3,(anonymous_21)
FNDA:1,(anonymous_22)
FNDA:1,(anonymous_23)
FNDA:0,(anonymous_24)
FNDA:0,(anonymous_25)
DA:22,38
DA:29,38
DA:37,0
DA:41,0
DA:42,0
DA:43,0
DA:45,0
DA:53,25
DA:54,25
DA:55,63
DA:56,34
DA:59,25
DA:67,14
DA:77,11
DA:79,12
DA:81,11
DA:93,1
DA:94,1
DA:95,1
DA:107,12
DA:108,22
DA:109,5
DA:112,17
DA:115,12
DA:132,17
DA:133,17
DA:134,17
DA:135,17
DA:136,16
DA:137,16
DA:139,16
DA:145,1
DA:147,2
DA:154,1
DA:169,6
DA:170,6
DA:171,6
DA:172,6
DA:173,6
DA:185,13
DA:188,11
DA:189,11
DA:198,10
DA:199,10
DA:210,8
DA:211,8
DA:212,10
DA:218,8
DA:226,6
DA:236,10
DA:249,19
DA:250,19
DA:259,3
DA:267,1
DA:274,1
DA:281,0
DA:282,0
DA:283,0
DA:284,0
DA:285,0
LF:60
LH:50
BRDA:16,0,0,38
BRDA:42,1,0,0
BRDA:42,1,1,0
BRDA:55,2,0,34
BRDA:55,2,1,29
BRDA:67,3,0,14
BRDA:67,3,1,2
BRDA:79,4,0,12
BRDA:79,4,1,7
BRDA:81,5,0,7
BRDA:81,5,1,4
BRDA:108,6,0,5
BRDA:108,6,1,17
BRDA:115,7,0,3
BRDA:115,7,1,9
BRDA:118,8,0,3
BRDA:118,8,1,6
BRDA:135,9,0,16
BRDA:135,9,1,1
BRDA:145,10,0,1
BRDA:145,10,1,0
BRDA:185,11,0,1
BRDA:185,11,1,12
BRDA:199,12,0,9
BRDA:199,12,1,1
BRDA:201,13,0,1
BRDA:201,13,1,0
BRDA:248,14,0,0
BRDA:248,15,0,0
BRDA:284,16,0,0
BRDA:284,16,1,0
BRF:31
BRH:23
end_of_record
TN:
SF:/Users/jfondriest/githubyext/answers-search-ui/src/core/filters/filtertype.js
FNF:0
FNH:0
DA:7,31
LF:1
LH:1
BRF:0
BRH:0
end_of_record
TN:
SF:/Users/jfondriest/githubyext/answers-search-ui/src/core/filters/matcher.js
FNF:0
FNH:0
DA:4,39
LF:1
LH:1
BRF:0
BRH:0
end_of_record
TN:
SF:/Users/jfondriest/githubyext/answers-search-ui/src/core/filters/simplefilternode.js
FN:13,(anonymous_0)
FN:33,(anonymous_1)
FN:41,(anonymous_2)
FN:49,(anonymous_3)
FN:57,(anonymous_4)
FN:66,(anonymous_5)
FN:73,(anonymous_6)
FN:82,(anonymous_7)
FN:97,(anonymous_8)
FNF:9
FNH:8
FNDA:476,(anonymous_0)
FNDA:0,(anonymous_1)
FNDA:707,(anonymous_2)
FNDA:24,(anonymous_3)
FNDA:114,(anonymous_4)
FNDA:7,(anonymous_5)
FNDA:1,(anonymous_6)
FNDA:11,(anonymous_7)
FNDA:10,(anonymous_8)
DA:14,476
DA:15,476
DA:21,476
DA:27,476
DA:33,476
DA:34,476
DA:42,707
DA:50,24
DA:58,114
DA:67,7
DA:74,1
DA:83,11
DA:84,11
DA:85,11
DA:86,11
DA:87,11
DA:88,3
DA:90,8
DA:91,8
DA:92,8
DA:93,8
DA:94,8
DA:95,0
DA:97,8
DA:98,10
LF:25
LH:24
BRDA:13,0,0,86
BRDA:33,1,0,476
BRDA:33,1,1,194
BRDA:87,2,0,3
BRDA:87,2,1,8
BRDA:94,3,0,0
BRDA:94,3,1,8
BRDA:98,4,0,10
BRDA:98,4,1,10
BRF:9
BRH:8
end_of_record
TN:
SF:/Users/jfondriest/githubyext/answers-search-ui/src/core/http/apirequest.js
FN:17,(anonymous_0)
FN:83,(anonymous_1)
FN:95,(anonymous_2)
FN:107,(anonymous_3)
FN:122,(anonymous_4)
FN:128,(anonymous_5)
FNF:6
FNH:0
FNDA:0,(anonymous_0)
FNDA:0,(anonymous_1)
FNDA:0,(anonymous_2)
FNDA:0,(anonymous_3)
FNDA:0,(anonymous_4)
FNDA:0,(anonymous_5)
DA:23,0
DA:30,0
DA:37,0
DA:44,0
DA:51,0
DA:58,0
DA:65,0
DA:67,0
DA:68,0
DA:74,0
DA:84,0
DA:96,0
DA:108,0
DA:114,0
DA:115,0
DA:116,0
DA:119,0
DA:128,0
DA:129,0
DA:130,0
DA:134,0
LF:21
LH:0
BRDA:17,0,0,0
BRDA:17,1,0,0
BRDA:30,2,0,0
BRDA:30,2,1,0
BRDA:37,3,0,0
BRDA:37,3,1,0
BRDA:44,4,0,0
BRDA:44,4,1,0
BRDA:51,5,0,0
BRDA:51,5,1,0
BRDA:58,6,0,0
BRDA:58,6,1,0
BRDA:65,7,0,0
BRDA:65,7,1,0
BRDA:67,8,0,0
BRDA:67,8,1,0
BRDA:115,9,0,0
BRDA:115,9,1,0
BRDA:122,10,0,0
BRDA:129,11,0,0
BRDA:129,11,1,0
BRDA:129,12,0,0
BRDA:129,12,1,0
BRF:23
BRH:0
end_of_record
TN:
SF:/Users/jfondriest/githubyext/answers-search-ui/src/core/http/httprequester.js
FN:29,(anonymous_0)
FN:40,(anonymous_1)
FN:51,(anonymous_2)
FN:62,(anonymous_3)
FN:77,(anonymous_4)
FN:87,(anonymous_5)
FN:108,(anonymous_6)
FNF:7
FNH:7
FNDA:3,(anonymous_0)
FNDA:4,(anonymous_1)
FNDA:9,(anonymous_2)
FNDA:9,(anonymous_3)
FNDA:1,(anonymous_4)
FNDA:1,(anonymous_5)
FNDA:9,(anonymous_6)
DA:10,33
DA:30,3
DA:41,4
DA:52,9
DA:57,9
DA:63,9
DA:64,0
DA:66,9
DA:78,1
DA:88,1
DA:89,1
DA:92,0
DA:93,0
DA:94,0
DA:95,0
DA:96,0
DA:97,0
DA:98,0
DA:99,0
DA:100,0
DA:101,0
DA:104,0
DA:105,0
DA:109,9
DA:110,0
DA:113,9
DA:115,9
DA:116,9
DA:117,24
DA:118,7
DA:119,7
DA:121,17
DA:124,24
DA:126,9
LF:34
LH:20
BRDA:63,0,0,0
BRDA:63,0,1,9
BRDA:88,1,0,1
BRDA:88,1,1,0
BRDA:88,2,0,1
BRDA:88,2,1,1
BRDA:92,3,0,0
BRDA:92,3,1,0
BRDA:93,4,0,0
BRDA:93,4,1,0
BRDA:94,5,0,0
BRDA:94,5,1,0
BRDA:97,6,0,0
BRDA:97,6,1,0
BRDA:99,7,0,0
BRDA:99,7,1,0
BRDA:100,8,0,0
BRDA:100,8,1,0
BRDA:109,9,0,0
BRDA:109,9,1,9
BRDA:117,10,0,7
BRDA:117,10,1,17
BRF:22
BRH:7
end_of_record
TN:
SF:/Users/jfondriest/githubyext/answers-search-ui/src/core/i18n/translationprocessor.js
FN:15,(anonymous_0)
FN:30,(anonymous_1)
FN:47,(anonymous_2)
FN:52,(anonymous_3)
FN:59,(anonymous_4)
FNF:5
FNH:5
FNDA:77,(anonymous_0)
FNDA:28,(anonymous_1)
FNDA:28,(anonymous_2)
FNDA:77,(anonymous_3)
FNDA:96,(anonymous_4)
DA:16,77
DA:20,77
DA:31,28
DA:32,6
DA:34,28
DA:35,28
DA:36,28
DA:37,1
DA:38,1
DA:40,27
DA:48,28
DA:49,28
DA:53,77
DA:54,0
DA:57,77
DA:59,77
DA:60,96
DA:61,96
LF:18
LH:17
BRDA:16,0,0,49
BRDA:16,0,1,28
BRDA:31,1,0,6
BRDA:31,1,1,22
BRDA:36,2,0,1
BRDA:36,2,1,27
BRDA:53,3,0,0
BRDA:53,3,1,77
BRDA:53,4,0,77
BRDA:53,4,1,77
BRF:10
BRH:9
end_of_record
TN:
SF:/Users/jfondriest/githubyext/answers-search-ui/src/core/models/alternativevertical.js
FN:9,(anonymous_0)
FNF:1
FNH:1
FNDA:3,(anonymous_0)
DA:14,3
DA:15,3
DA:16,0
DA:26,3
DA:27,3
DA:28,0
DA:38,3
DA:44,3
DA:50,3
DA:57,3
LF:10
LH:8
BRDA:15,0,0,0
BRDA:15,0,1,3
BRDA:27,1,0,0
BRDA:27,1,1,3
BRDA:50,2,0,3
BRDA:50,2,1,3
BRF:6
BRH:4
end_of_record
TN:
SF:/Users/jfondriest/githubyext/answers-search-ui/src/core/models/alternativeverticals.js
FN:6,(anonymous_0)
FN:20,(anonymous_1)
FN:25,(anonymous_2)
FNF:3
FNH:3
FNDA:4,(anonymous_0)
FNDA:4,(anonymous_1)
FNDA:22,(anonymous_2)
DA:11,4
DA:21,4
DA:22,2
DA:25,2
DA:26,22
LF:5
LH:5
BRDA:11,0,0,4
BRDA:11,0,1,2
BRDA:21,1,0,2
BRDA:21,1,1,2
BRDA:21,2,0,4
BRDA:21,2,1,2
BRF:6
BRH:6
end_of_record
TN:
SF:/Users/jfondriest/githubyext/answers-search-ui/src/core/models/appliedhighlightedfields.js
FN:25,(anonymous_0)
FN:35,(anonymous_1)
FN:50,(anonymous_2)
FN:57,(anonymous_3)
FN:60,(anonymous_4)
FN:66,(anonymous_5)
FNF:6
FNH:6
FNDA:7,(anonymous_0)
FNDA:19,(anonymous_1)
FNDA:25,(anonymous_2)
FNDA:11,(anonymous_3)
FNDA:10,(anonymous_4)
FNDA:25,(anonymous_5)
DA:26,7
DA:36,19
DA:37,15
DA:39,4
DA:40,4
DA:51,25
DA:52,12
DA:53,12
DA:55,13
DA:56,5
DA:57,11
DA:59,8
DA:61,10
DA:62,10
DA:67,25
LF:15
LH:15
BRDA:25,0,0,0
BRDA:36,1,0,15
BRDA:36,1,1,4
BRDA:36,2,0,19
BRDA:36,2,1,4
BRDA:51,3,0,12
BRDA:51,3,1,13
BRDA:55,4,0,5
BRDA:55,4,1,8
BRDA:67,5,0,25
BRDA:67,5,1,12
BRF:11
BRH:10
end_of_record
TN:
SF:/Users/jfondriest/githubyext/answers-search-ui/src/core/models/appliedqueryfilter.js
FN:7,(anonymous_0)
FN:20,(anonymous_1)
FNF:2
FNH:2
FNDA:3,(anonymous_0)
FNDA:3,(anonymous_1)
DA:8,3
DA:9,3
DA:10,3
DA:11,3
DA:21,3
DA:22,0
DA:25,3
LF:7
LH:6
BRDA:7,0,0,0
BRDA:21,1,0,0
BRDA:21,1,1,3
BRF:3
BRH:1
end_of_record
TN:
SF:/Users/jfondriest/githubyext/answers-search-ui/src/core/models/autocompletedata.js
FN:4,(anonymous_0)
FN:14,(anonymous_1)
FNF:2
FNH:2
FNDA:2,(anonymous_0)
FNDA:4,(anonymous_1)
DA:5,2
DA:6,2
DA:7,2
DA:8,2
DA:9,2
DA:15,4
DA:16,4
DA:17,4
DA:18,4
DA:19,4
DA:20,4
DA:21,4
LF:12
LH:12
BRDA:4,0,0,0
BRDA:5,1,0,2
BRDA:5,1,1,0
BRDA:6,2,0,2
BRDA:6,2,1,1
BRDA:7,3,0,2
BRDA:7,3,1,1
BRDA:8,4,0,2
BRDA:8,4,1,2
BRDA:14,5,0,0
BRDA:15,6,0,4
BRDA:15,6,1,0
BRDA:16,7,0,4
BRDA:16,7,1,2
BRDA:17,8,0,4
BRDA:17,8,1,0
BRDA:18,9,0,4
BRDA:18,9,1,0
BRDA:19,10,0,4
BRDA:19,10,1,4
BRDA:20,11,0,4
BRDA:20,11,1,3
BRF:22
BRH:16
end_of_record
TN:
SF:/Users/jfondriest/githubyext/answers-search-ui/src/core/models/directanswer.js
FN:6,(anonymous_0)
FN:19,(anonymous_1)
FN:66,(anonymous_2)
FN:82,(anonymous_3)
FNF:4
FNH:3
FNDA:32,(anonymous_0)
FNDA:6,(anonymous_1)
FNDA:0,(anonymous_2)
FNDA:26,(anonymous_3)
DA:7,32
DA:20,6
DA:21,5
DA:24,1
DA:26,1
DA:48,1
DA:49,1
DA:51,1
DA:52,0
DA:53,0
DA:56,1
DA:67,0
DA:68,0
DA:71,0
DA:83,26
LF:15
LH:10
BRDA:6,0,0,5
BRDA:20,1,0,5
BRDA:20,1,1,1
BRDA:24,2,0,1
BRDA:24,2,1,0
BRDA:49,3,0,1
BRDA:49,3,1,0
BRDA:51,4,0,0
BRDA:51,4,1,1
BRDA:53,5,0,0
BRDA:53,5,1,0
BRDA:67,6,0,0
BRDA:67,6,1,0
BRDA:67,7,0,0
BRDA:67,7,1,0
BRF:15
BRH:6
end_of_record
TN:
SF:/Users/jfondriest/githubyext/answers-search-ui/src/core/models/dynamicfilters.js
FN:9,(anonymous_0)
FN:30,(anonymous_1)
FNF:2
FNH:2
FNDA:9,(anonymous_0)
FNDA:9,(anonymous_1)
DA:14,9
DA:20,9
DA:21,9
DA:31,9
LF:4
LH:4
BRDA:14,0,0,9
BRDA:14,0,1,0
BRDA:30,1,0,0
BRDA:30,2,0,5
BRF:4
BRH:2
end_of_record
TN:
SF:/Users/jfondriest/githubyext/answers-search-ui/src/core/models/facet.js
FN:13,(anonymous_0)
FN:24,(anonymous_1)
FN:26,(anonymous_2)
FN:29,(anonymous_3)
FN:30,(anonymous_4)
FN:47,(anonymous_5)
FN:48,(anonymous_6)
FN:51,(anonymous_7)
FN:61,(anonymous_8)
FNF:9
FNH:9
FNDA:16,(anonymous_0)
FNDA:11,(anonymous_1)
FNDA:12,(anonymous_2)
FNDA:12,(anonymous_3)
FNDA:12,(anonymous_4)
FNDA:13,(anonymous_5)
FNDA:5,(anonymous_6)
FNDA:10,(anonymous_7)
FNDA:5,(anonymous_8)
DA:14,16
DA:15,16
DA:25,11
DA:26,11
DA:27,12
DA:29,12
DA:30,11
DA:31,12
DA:32,12
DA:33,10
DA:35,12
DA:38,11
DA:48,13
DA:51,10
DA:61,5
DA:62,13
LF:16
LH:16
BRDA:13,0,0,0
BRDA:29,1,0,12
BRDA:29,1,1,12
BRDA:32,2,0,10
BRDA:32,2,1,2
BRDA:47,3,0,0
BRF:6
BRH:4
end_of_record
TN:
SF:/Users/jfondriest/githubyext/answers-search-ui/src/core/models/filter.js
FN:18,(anonymous_0)
FN:28,(anonymous_1)
FN:39,(anonymous_2)
FN:45,(anonymous_3)
FN:51,(anonymous_4)
FN:59,(anonymous_5)
FN:69,(anonymous_6)
FN:86,(anonymous_7)
FN:95,(anonymous_8)
FN:106,(anonymous_9)
FN:120,(anonymous_10)
FN:149,(anonymous_11)
FN:159,(anonymous_12)
FN:169,(anonymous_13)
FN:179,(anonymous_14)
FN:189,(anonymous_15)
FN:200,(anonymous_16)
FN:216,(anonymous_17)
FN:231,(anonymous_18)
FN:243,(anonymous_19)
FNF:20
FNH:20
FNDA:1047,(anonymous_0)
FNDA:559,(anonymous_1)
FNDA:8,(anonymous_2)
FNDA:13,(anonymous_3)
FNDA:57,(anonymous_4)
FNDA:549,(anonymous_5)
FNDA:3,(anonymous_6)
FNDA:3,(anonymous_7)
FNDA:52,(anonymous_8)
FNDA:13,(anonymous_9)
FNDA:137,(anonymous_10)
FNDA:214,(anonymous_11)
FNDA:15,(anonymous_12)
FNDA:17,(anonymous_13)
FNDA:17,(anonymous_14)
FNDA:21,(anonymous_15)
FNDA:39,(anonymous_16)
FNDA:25,(anonymous_17)
FNDA:2,(anonymous_18)
FNDA:287,(anonymous_19)
DA:6,39
DA:19,1047
DA:20,1047
DA:29,559
DA:30,539
DA:40,8
DA:41,8
DA:42,0
DA:44,8
DA:45,13
DA:52,57
DA:60,549
DA:70,3
DA:71,0
DA:74,3
DA:87,3
DA:96,52
DA:107,13
DA:121,137
DA:122,137
DA:123,137
DA:124,27
DA:125,110
DA:126,26
DA:129,84
DA:130,20
DA:133,64
DA:134,17
DA:138,47
DA:150,214
DA:160,15
DA:170,17
DA:180,17
DA:190,21
DA:201,39
DA:217,25
DA:232,2
DA:244,287
LF:38
LH:36
BRDA:18,0,0,154
BRDA:29,1,0,539
BRDA:29,1,1,20
BRDA:41,2,0,0
BRDA:41,2,1,8
BRDA:70,3,0,0
BRDA:70,3,1,3
BRDA:121,4,0,137
BRDA:121,4,1,122
BRDA:121,4,2,113
BRDA:122,5,0,137
BRDA:122,5,1,119
BRDA:122,5,2,111
BRDA:123,6,0,27
BRDA:123,6,1,110
BRDA:123,7,0,137
BRDA:123,7,1,47
BRDA:125,8,0,26
BRDA:125,8,1,84
BRDA:126,9,0,11
BRDA:126,9,1,15
BRDA:129,10,0,20
BRDA:129,10,1,64
BRDA:130,11,0,9
BRDA:130,11,1,11
BRDA:133,12,0,17
BRDA:133,12,1,47
BRDA:134,13,0,5
BRDA:134,13,1,12
BRDA:138,14,0,18
BRDA:138,14,1,29
BRF:31
BRH:29
end_of_record
TN:
SF:/Users/jfondriest/githubyext/answers-search-ui/src/core/models/generativedirectanswer.js
FN:8,(anonymous_0)
FN:20,(anonymous_1)
FN:29,(anonymous_2)
FN:30,(anonymous_3)
FN:37,(anonymous_4)
FN:63,(anonymous_5)
FNF:6
FNH:6
FNDA:7,(anonymous_0)
FNDA:3,(anonymous_1)
FNDA:5,(anonymous_2)
FNDA:10,(anonymous_3)
FNDA:6,(anonymous_4)
FNDA:2,(anonymous_5)
DA:9,7
DA:21,3
DA:22,0
DA:25,3
DA:27,3
DA:28,3
DA:29,5
DA:31,10
DA:32,4
DA:34,6
DA:35,6
DA:38,6
DA:46,3
DA:47,3
DA:48,3
DA:50,3
DA:56,3
DA:64,2
LF:18
LH:17
BRDA:8,0,0,0
BRDA:21,1,0,0
BRDA:21,1,1,3
BRDA:25,2,0,2
BRDA:25,2,1,1
BRDA:31,3,0,4
BRDA:31,3,1,6
BRDA:31,4,0,10
BRDA:31,4,1,10
BRDA:31,4,2,10
BRDA:31,4,3,10
BRDA:46,5,0,3
BRDA:46,5,1,0
BRF:13
BRH:10
end_of_record
TN:
SF:/Users/jfondriest/githubyext/answers-search-ui/src/core/models/highlightedfields.js
FN:42,(anonymous_0)
FNF:1
FNH:1
FNDA:16,(anonymous_0)
DA:43,16
LF:1
LH:1
BRDA:42,0,0,15
BRF:1
BRH:1
end_of_record
TN:
SF:/Users/jfondriest/githubyext/answers-search-ui/src/core/models/highlightedvalue.js
FN:7,(anonymous_0)
FN:16,(anonymous_1)
FN:25,(anonymous_2)
FN:35,(anonymous_3)
FN:44,(anonymous_4)
FN:55,(anonymous_5)
FN:114,(anonymous_6)
FN:117,(anonymous_7)
FN:160,(anonymous_8)
FN:188,(anonymous_9)
FN:189,(anonymous_10)
FN:202,(anonymous_11)
FNF:12
FNH:12
FNDA:24,(anonymous_0)
FNDA:4,(anonymous_1)
FNDA:1,(anonymous_2)
FNDA:3,(anonymous_3)
FNDA:4,(anonymous_4)
FNDA:5,(anonymous_5)
FNDA:28,(anonymous_6)
FNDA:57,(anonymous_7)
FNDA:1,(anonymous_8)
FNDA:17,(anonymous_9)
FNDA:4,(anonymous_10)
FNDA:9,(anonymous_11)
DA:8,24
DA:9,24
DA:17,4
DA:18,4
DA:26,1
DA:27,1
DA:36,3
DA:37,3
DA:45,4
DA:46,4
DA:47,4
DA:56,5
DA:57,5
DA:58,5
DA:117,57
DA:119,28
DA:120,28
DA:122,28
DA:123,11
DA:126,17
DA:127,25
DA:128,25
DA:130,25
DA:137,25
DA:138,13
DA:141,25
DA:144,17
DA:161,1
DA:162,1
DA:164,1
DA:165,1
DA:166,1
DA:168,1
DA:169,0
DA:172,1
DA:173,1
DA:174,1
DA:175,1
DA:178,1
DA:179,1
DA:182,1
DA:185,1
DA:189,17
DA:190,4
DA:191,2
DA:194,2
DA:195,2
DA:198,0
DA:203,9
DA:204,9
DA:205,6
DA:206,6
DA:207,6
DA:208,3
DA:211,6
DA:212,5
DA:220,9
LF:57
LH:55
BRDA:7,0,0,12
BRDA:8,1,0,24
BRDA:8,1,1,13
BRDA:8,1,2,13
BRDA:9,2,0,24
BRDA:9,2,1,19
BRDA:117,3,0,20
BRDA:122,4,0,11
BRDA:122,4,1,17
BRDA:137,5,0,13
BRDA:137,5,1,12
BRDA:137,6,0,25
BRDA:137,6,1,17
BRDA:168,7,0,0
BRDA:168,7,1,1
BRDA:172,8,0,1
BRDA:172,8,1,0
BRDA:178,9,0,1
BRDA:178,9,1,0
BRDA:178,10,0,1
BRDA:178,10,1,1
BRDA:190,11,0,2
BRDA:190,11,1,2
BRDA:194,12,0,2
BRDA:194,12,1,0
BRDA:207,13,0,3
BRDA:207,13,1,3
BRDA:207,14,0,6
BRDA:207,14,1,4
BRDA:211,15,0,5
BRDA:211,15,1,1
BRDA:214,16,0,2
BRDA:214,16,1,3
BRF:33
BRH:29
end_of_record
TN:
SF:/Users/jfondriest/githubyext/answers-search-ui/src/core/models/locationbias.js
FN:10,(anonymous_0)
FN:45,(anonymous_1)
FN:55,(anonymous_2)
FNF:3
FNH:3
FNDA:16,(anonymous_0)
FNDA:10,(anonymous_1)
FNDA:6,(anonymous_2)
DA:15,16
DA:21,16
DA:27,16
DA:33,16
DA:38,16
DA:46,10
DA:56,6
DA:57,1
DA:62,5
LF:9
LH:9
BRDA:15,0,0,16
BRDA:15,0,1,10
BRDA:21,1,0,16
BRDA:21,1,1,11
BRDA:27,2,0,16
BRDA:27,2,1,11
BRDA:33,3,0,16
BRDA:33,3,1,11
BRDA:56,4,0,1
BRDA:56,4,1,5
BRF:10
BRH:10
end_of_record
TN:
SF:/Users/jfondriest/githubyext/answers-search-ui/src/core/models/navigation.js
FN:4,(anonymous_0)
FN:9,(anonymous_1)
FN:25,(anonymous_2)
FN:26,(anonymous_3)
FNF:4
FNH:3
FNDA:6,(anonymous_0)
FNDA:0,(anonymous_1)
FNDA:2,(anonymous_2)
FNDA:3,(anonymous_3)
DA:5,6
DA:6,6
DA:10,0
DA:11,0
DA:12,0
DA:14,0
DA:15,0
DA:17,0
DA:26,3
DA:27,2
LF:10
LH:4
BRDA:5,0,0,6
BRDA:5,0,1,4
BRDA:11,1,0,0
BRDA:11,1,1,0
BRDA:11,2,0,0
BRDA:11,2,1,0
BRF:6
BRH:2
end_of_record
TN:
SF:/Users/jfondriest/githubyext/answers-search-ui/src/core/models/querytriggers.js
FNF:0
FNH:0
DA:9,29
LF:1
LH:1
BRF:0
BRH:0
end_of_record
TN:
SF:/Users/jfondriest/githubyext/answers-search-ui/src/core/models/questionsubmission.js
FN:8,(anonymous_0)
FN:58,(anonymous_1)
FN:65,(anonymous_2)
FNF:3
FNH:2
FNDA:2,(anonymous_0)
FNDA:1,(anonymous_1)
FNDA:0,(anonymous_2)
DA:13,2
DA:19,2
DA:25,2
DA:31,2
DA:37,2
DA:42,2
DA:48,2
DA:53,2
DA:55,2
DA:59,1
DA:66,0
LF:11
LH:10
BRDA:8,0,0,0
BRDA:8,1,0,2
BRDA:13,2,0,2
BRDA:13,2,1,2
BRDA:19,3,0,2
BRDA:19,3,1,2
BRDA:25,4,0,2
BRDA:25,4,1,2
BRDA:31,5,0,2
BRDA:31,5,1,1
BRDA:37,6,0,2
BRDA:37,6,1,2
BRDA:42,7,0,2
BRDA:42,7,1,2
BRDA:48,8,0,2
BRDA:48,8,1,2
BRDA:53,9,0,2
BRDA:53,9,1,2
BRF:18
BRH:17
end_of_record
TN:
SF:/Users/jfondriest/githubyext/answers-search-ui/src/core/models/result.js
FN:9,(anonymous_0)
FN:129,(anonymous_1)
FN:171,(anonymous_2)
FN:182,(anonymous_3)
FNF:4
FNH:2
FNDA:16,(anonymous_0)
FNDA:16,(anonymous_1)
FNDA:0,(anonymous_2)
FNDA:0,(anonymous_3)
DA:15,16
DA:22,16
DA:29,16
DA:35,16
DA:41,16
DA:47,16
DA:53,16
DA:59,16
DA:65,16
DA:71,16
DA:78,16
DA:84,16
DA:90,16
DA:97,16
DA:103,16
DA:108,16
DA:113,16
DA:118,16
DA:130,16
DA:131,16
DA:132,16
DA:133,16
DA:135,16
DA:149,16
DA:150,16
DA:153,0
DA:154,0
DA:156,0
DA:157,0
DA:160,0
DA:172,0
DA:174,0
DA:175,0
DA:178,0
DA:179,0
DA:182,0
DA:184,0
DA:185,0
DA:188,0
DA:189,0
DA:193,0
DA:194,0
DA:195,0
DA:200,0
DA:209,0
LF:45
LH:25
BRDA:9,0,0,0
BRDA:15,1,0,16
BRDA:15,1,1,0
BRDA:41,2,0,16
BRDA:41,2,1,0
BRDA:47,3,0,16
BRDA:47,3,1,0
BRDA:53,4,0,16
BRDA:53,4,1,4
BRDA:59,5,0,16
BRDA:59,5,1,2
BRDA:65,6,0,16
BRDA:65,6,1,4
BRDA:71,7,0,16
BRDA:71,7,1,16
BRDA:78,8,0,16
BRDA:78,8,1,16
BRDA:84,9,0,16
BRDA:84,9,1,16
BRDA:90,10,0,16
BRDA:90,10,1,16
BRDA:97,11,0,16
BRDA:97,11,1,16
BRDA:103,12,0,16
BRDA:103,12,1,0
BRDA:108,13,0,16
BRDA:108,13,1,10
BRDA:113,14,0,16
BRDA:113,14,1,15
BRDA:118,15,0,16
BRDA:118,15,1,15
BRDA:132,16,0,16
BRDA:132,16,1,15
BRDA:149,17,0,16
BRDA:149,17,1,0
BRDA:149,18,0,16
BRDA:149,18,1,16
BRDA:156,19,0,0
BRDA:156,19,1,0
BRDA:174,20,0,0
BRDA:174,20,1,0
BRDA:174,21,0,0
BRDA:174,21,1,0
BRDA:178,22,0,0
BRDA:178,22,1,0
BRDA:184,23,0,0
BRDA:184,23,1,0
BRDA:188,24,0,0
BRDA:188,24,1,0
BRDA:194,25,0,0
BRDA:194,25,1,0
BRDA:194,26,0,0
BRDA:194,26,1,0
BRF:53
BRH:31
end_of_record
TN:
SF:/Users/jfondriest/githubyext/answers-search-ui/src/core/models/searchconfig.js
FN:6,(anonymous_0)
FN:36,(anonymous_1)
FN:42,(anonymous_2)
FNF:3
FNH:3
FNDA:22,(anonymous_0)
FNDA:22,(anonymous_1)
FNDA:1,(anonymous_2)
DA:12,22
DA:18,22
DA:24,22
DA:30,22
DA:32,22
DA:33,22
DA:37,22
DA:38,0
DA:41,22
DA:42,1
DA:43,1
DA:44,0
LF:12
LH:10
BRDA:6,0,0,9
BRDA:12,1,0,22
BRDA:12,1,1,10
BRDA:24,2,0,22
BRDA:24,2,1,22
BRDA:37,3,0,0
BRDA:37,3,1,22
BRDA:37,4,0,22
BRDA:37,4,1,22
BRDA:37,4,2,22
BRDA:41,5,0,1
BRDA:41,5,1,21
BRDA:41,6,0,22
BRDA:41,6,1,1
BRDA:43,7,0,0
BRDA:43,7,1,1
BRDA:43,8,0,1
BRDA:43,8,1,1
BRDA:43,8,2,1
BRF:19
BRH:17
end_of_record
TN:
SF:/Users/jfondriest/githubyext/answers-search-ui/src/core/models/searcher.js
FNF:0
FNH:0
DA:5,31
LF:1
LH:1
BRF:0
BRH:0
end_of_record
TN:
SF:/Users/jfondriest/githubyext/answers-search-ui/src/core/models/section.js
FN:6,(anonymous_0)
FN:20,(anonymous_1)
FNF:2
FNH:2
FNDA:28,(anonymous_0)
FNDA:28,(anonymous_1)
DA:7,28
DA:8,28
DA:9,28
DA:10,28
DA:11,28
DA:12,28
DA:13,28
DA:14,28
DA:15,28
DA:16,28
DA:17,28
DA:21,28
DA:22,0
DA:25,28
DA:27,28
DA:29,28
DA:30,15
DA:31,15
DA:32,9
DA:33,5
DA:38,9
DA:47,28
LF:22
LH:21
BRDA:6,0,0,0
BRDA:6,1,0,26
BRDA:6,2,0,0
BRDA:8,3,0,28
BRDA:8,3,1,4
BRDA:9,4,0,28
BRDA:9,4,1,14
BRDA:10,5,0,28
BRDA:10,5,1,28
BRDA:12,6,0,28
BRDA:12,6,1,28
BRDA:15,7,0,28
BRDA:15,7,1,26
BRDA:17,8,0,28
BRDA:17,8,1,0
BRDA:21,9,0,0
BRDA:21,9,1,28
BRDA:31,10,0,9
BRDA:31,10,1,6
BRDA:31,11,0,15
BRDA:31,11,1,15
BRDA:32,12,0,5
BRDA:32,12,1,4
BRF:23
BRH:19
end_of_record
TN:
SF:/Users/jfondriest/githubyext/answers-search-ui/src/core/models/spellcheck.js
FN:8,(anonymous_0)
FN:39,(anonymous_1)
FNF:2
FNH:2
FNDA:1,(anonymous_0)
FNDA:6,(anonymous_1)
DA:13,1
DA:19,1
DA:25,1
DA:31,1
DA:40,6
DA:41,5
DA:44,1
LF:7
LH:7
BRDA:13,0,0,1
BRDA:13,0,1,0
BRDA:19,1,0,1
BRDA:19,1,1,0
BRDA:25,2,0,1
BRDA:25,2,1,0
BRDA:40,3,0,5
BRDA:40,3,1,1
BRF:8
BRH:5
end_of_record
TN:
SF:/Users/jfondriest/githubyext/answers-search-ui/src/core/models/universalresults.js
FN:7,(anonymous_0)
FN:23,(anonymous_1)
FN:35,(anonymous_2)
FN:42,(anonymous_3)
FNF:4
FNH:4
FNDA:15,(anonymous_0)
FNDA:13,(anonymous_1)
FNDA:2,(anonymous_2)
FNDA:2,(anonymous_3)
DA:8,15
DA:9,15
DA:16,15
DA:24,13
DA:36,2
DA:37,0
DA:40,2
DA:43,2
LF:8
LH:7
BRDA:8,0,0,15
BRDA:8,0,1,13
BRDA:9,1,0,15
BRDA:9,1,1,13
BRDA:16,2,0,15
BRDA:16,2,1,2
BRDA:36,3,0,0
BRDA:36,3,1,2
BRF:8
BRH:7
end_of_record
TN:
SF:/Users/jfondriest/githubyext/answers-search-ui/src/core/models/verticalpagesconfig.js
FN:4,(anonymous_0)
FN:57,(anonymous_1)
FN:62,(anonymous_2)
FN:71,(anonymous_3)
FN:72,(anonymous_4)
FN:75,(anonymous_5)
FN:76,(anonymous_6)
FNF:7
FNH:6
FNDA:2,(anonymous_0)
FNDA:0,(anonymous_1)
FNDA:9,(anonymous_2)
FNDA:1,(anonymous_3)
FNDA:2,(anonymous_4)
FNDA:9,(anonymous_5)
FNDA:2,(anonymous_6)
DA:9,2
DA:15,2
DA:22,2
DA:28,2
DA:34,2
DA:41,2
DA:47,2
DA:53,2
DA:54,2
DA:63,9
DA:72,2
DA:76,9
LF:12
LH:12
BRDA:4,0,0,0
BRDA:9,1,0,2
BRDA:9,1,1,0
BRDA:15,2,0,2
BRDA:15,2,1,0
BRDA:22,3,0,2
BRDA:22,3,1,1
BRDA:28,4,0,2
BRDA:28,4,1,2
BRDA:34,5,0,2
BRDA:34,5,1,2
BRDA:41,6,0,2
BRDA:41,6,1,2
BRDA:62,7,0,8
BRF:14
BRH:11
end_of_record
TN:
SF:/Users/jfondriest/githubyext/answers-search-ui/src/core/models/verticalresults.js
FN:11,(anonymous_0)
FN:26,(anonymous_1)
FN:47,(anonymous_2)
FN:65,(anonymous_3)
FN:79,(anonymous_4)
FN:83,(anonymous_5)
FNF:6
FNH:5
FNDA:18,(anonymous_0)
FNDA:1,(anonymous_1)
FNDA:28,(anonymous_2)
FNDA:15,(anonymous_3)
FNDA:16,(anonymous_4)
FNDA:0,(anonymous_5)
DA:12,18
DA:19,18
DA:27,1
DA:28,0
DA:30,1
DA:31,1
DA:32,1
DA:33,1
DA:34,1
DA:54,28
DA:55,0
DA:58,28
DA:60,28
DA:66,15
DA:80,16
DA:84,0
LF:16
LH:13
BRDA:11,0,0,0
BRDA:27,1,0,0
BRDA:27,1,1,1
BRDA:49,2,0,0
BRDA:50,3,0,26
BRDA:51,4,0,24
BRDA:52,5,0,28
BRDA:54,6,0,0
BRDA:54,6,1,28
BRDA:58,7,0,28
BRDA:58,7,1,4
BRF:11
BRH:7
end_of_record
TN:
SF:/Users/jfondriest/githubyext/answers-search-ui/src/core/search/autocompleteresponsetransformer.js
FN:17,(anonymous_0)
FN:19,(anonymous_1)
FN:37,(anonymous_2)
FN:38,(anonymous_3)
FN:40,(anonymous_4)
FN:54,(anonymous_5)
FN:65,(anonymous_6)
FNF:7
FNH:7
FNDA:3,(anonymous_0)
FNDA:1,(anonymous_1)
FNDA:2,(anonymous_2)
FNDA:1,(anonymous_3)
FNDA:1,(anonymous_4)
FNDA:4,(anonymous_5)
FNDA:3,(anonymous_6)
DA:18,3
DA:19,1
DA:22,1
DA:38,2
DA:40,1
DA:43,1
DA:55,4
DA:56,4
DA:66,3
DA:67,3
DA:68,3
DA:69,3
LF:12
LH:12
BRDA:55,0,0,2
BRDA:55,0,1,2
BRF:2
BRH:2
end_of_record
TN:
SF:/Users/jfondriest/githubyext/answers-search-ui/src/core/search/searchdatatransformer.js
FN:21,(anonymous_0)
FN:33,(anonymous_1)
FN:67,(anonymous_2)
FNF:3
FNH:3
FNDA:6,(anonymous_0)
FNDA:6,(anonymous_1)
FNDA:5,(anonymous_2)
DA:22,6
DA:34,6
DA:38,2
DA:39,2
DA:40,2
DA:41,1
DA:42,1
DA:45,2
DA:68,5
DA:69,5
DA:70,5
LF:11
LH:11
BRDA:21,0,0,6
BRDA:21,1,0,0
BRDA:34,2,0,6
BRDA:34,2,1,2
BRDA:34,2,2,2
BRDA:40,3,0,1
BRDA:40,3,1,1
BRDA:68,4,0,5
BRDA:68,4,1,1
BRDA:69,5,0,5
BRDA:69,5,1,3
BRDA:72,6,0,5
BRDA:72,6,1,3
BRDA:73,7,0,5
BRDA:73,7,1,3
BRF:15
BRH:14
end_of_record
TN:
SF:/Users/jfondriest/githubyext/answers-search-ui/src/core/search/searchoptionsfactory.js
FN:13,(anonymous_0)
FNF:1
FNH:1
FNDA:21,(anonymous_0)
DA:14,21
DA:16,2
DA:22,1
DA:30,3
DA:36,2
DA:42,13
LF:6
LH:6
BRDA:14,0,0,2
BRDA:14,0,1,1
BRDA:14,0,2,1
BRDA:14,0,3,3
BRDA:14,0,4,2
BRDA:14,0,5,13
BRF:6
BRH:6
end_of_record
TN:
SF:/Users/jfondriest/githubyext/answers-search-ui/src/core/services/analyticsreporterservice.js
FN:15,(anonymous_0)
FN:21,(anonymous_1)
FNF:2
FNH:0
FNDA:0,(anonymous_0)
FNDA:0,(anonymous_1)
LF:0
LH:0
BRF:0
BRH:0
end_of_record
TN:
SF:/Users/jfondriest/githubyext/answers-search-ui/src/core/services/errorreporterservice.js
FN:14,(anonymous_0)
FNF:1
FNH:0
FNDA:0,(anonymous_0)
LF:0
LH:0
BRF:0
BRH:0
end_of_record
TN:
SF:/Users/jfondriest/githubyext/answers-search-ui/src/core/speechrecognition/locales.js
FN:13,transformSpeechRecognitionLocaleForEdge
FN:39,formatLocaleForEdge
FNF:2
FNH:2
FNDA:14,transformSpeechRecognitionLocaleForEdge
FNDA:16,formatLocaleForEdge
DA:14,14
DA:15,14
DA:16,1
DA:18,13
DA:19,13
DA:20,13
DA:21,6
DA:23,7
DA:24,3
DA:26,4
DA:40,16
DA:41,16
DA:42,7
DA:44,16
DA:45,12
DA:47,16
LF:16
LH:16
BRDA:15,0,0,1
BRDA:15,0,1,13
BRDA:15,1,0,14
BRDA:15,1,1,10
BRDA:20,2,0,6
BRDA:20,2,1,7
BRDA:23,3,0,3
BRDA:23,3,1,4
BRDA:41,4,0,7
BRDA:41,4,1,9
BRDA:44,5,0,12
BRDA:44,5,1,4
BRF:12
BRH:12
end_of_record
TN:
SF:/Users/jfondriest/githubyext/answers-search-ui/src/core/speechrecognition/support.js
FN:13,speechRecognitionIsSupported
FNF:1
FNH:1
FNDA:2,speechRecognitionIsSupported
DA:14,2
DA:15,0
DA:18,2
DA:19,2
DA:20,2
DA:23,0
DA:24,0
DA:26,0
LF:8
LH:4
BRDA:14,0,0,0
BRDA:14,0,1,2
BRDA:14,1,0,2
BRDA:14,1,1,2
BRDA:19,2,0,2
BRDA:19,2,1,0
BRDA:26,3,0,0
BRDA:26,3,1,0
BRDA:26,3,2,0
BRDA:26,3,3,0
BRDA:26,3,4,0
BRDA:26,3,5,0
BRF:12
BRH:4
end_of_record
TN:
SF:/Users/jfondriest/githubyext/answers-search-ui/src/core/statelisteners/queryupdatelistener.js
FN:13,(anonymous_0)
FN:33,(anonymous_1)
FN:43,(anonymous_2)
FN:53,(anonymous_3)
FN:64,(anonymous_4)
FN:73,(anonymous_5)
FN:77,(anonymous_6)
FN:84,(anonymous_7)
FN:85,(anonymous_8)
FN:87,(anonymous_9)
FNF:10
FNH:10
FNDA:29,(anonymous_0)
FNDA:15,(anonymous_1)
FNDA:34,(anonymous_2)
FNDA:14,(anonymous_3)
FNDA:24,(anonymous_4)
FNDA:1,(anonymous_5)
FNDA:15,(anonymous_6)
FNDA:15,(anonymous_7)
FNDA:12,(anonymous_8)
FNDA:15,(anonymous_9)
DA:14,29
DA:15,29
DA:26,29
DA:28,29
DA:30,29
DA:33,15
DA:44,34
DA:54,14
DA:55,0
DA:56,0
DA:57,0
DA:59,0
DA:61,14
DA:65,24
DA:68,9
DA:70,15
DA:72,15
DA:73,15
DA:74,15
DA:78,15
DA:81,15
DA:85,15
DA:86,15
DA:87,15
DA:88,15
DA:89,9
DA:92,6
LF:27
LH:23
BRDA:54,0,0,0
BRDA:54,0,1,14
BRDA:55,1,0,0
BRDA:55,1,1,0
BRDA:55,2,0,0
BRDA:55,2,1,0
BRDA:65,3,0,9
BRDA:65,3,1,15
BRDA:65,4,0,24
BRDA:65,4,1,19
BRDA:65,4,2,8
BRDA:65,4,3,5
BRDA:78,5,0,9
BRDA:78,5,1,6
BRDA:88,6,0,9
BRDA:88,6,1,6
BRF:16
BRH:11
end_of_record
TN:
SF:/Users/jfondriest/githubyext/answers-search-ui/src/core/statelisteners/resultsupdatelistener.js
FN:11,(anonymous_0)
FN:24,(anonymous_1)
FN:34,(anonymous_2)
FN:50,(anonymous_3)
FN:52,(anonymous_4)
FN:53,(anonymous_5)
FN:64,(anonymous_6)
FNF:7
FNH:7
FNDA:10,(anonymous_0)
FNDA:5,(anonymous_1)
FNDA:5,(anonymous_2)
FNDA:3,(anonymous_3)
FNDA:4,(anonymous_4)
FNDA:4,(anonymous_5)
FNDA:4,(anonymous_6)
DA:12,10
DA:13,10
DA:21,10
DA:25,5
DA:26,5
DA:27,4
DA:31,10
DA:35,5
DA:36,5
DA:37,4
DA:38,4
DA:51,3
DA:52,4
DA:53,4
DA:54,3
DA:65,4
DA:66,4
DA:67,2
DA:68,2
DA:70,2
DA:71,2
LF:21
LH:21
BRDA:26,0,0,4
BRDA:26,0,1,1
BRDA:36,1,0,4
BRDA:36,1,1,1
BRDA:37,2,0,3
BRDA:37,2,1,1
BRDA:66,3,0,2
BRDA:66,3,1,2
BRDA:66,4,0,4
BRDA:66,4,1,4
BRDA:66,4,2,2
BRF:11
BRH:11
end_of_record
TN:
SF:/Users/jfondriest/githubyext/answers-search-ui/src/core/storage/moduledata.js
FN:13,(anonymous_0)
FN:26,(anonymous_1)
FN:49,(anonymous_2)
FN:62,(anonymous_3)
FN:71,(anonymous_4)
FNF:5
FNH:0
FNDA:0,(anonymous_0)
FNDA:0,(anonymous_1)
FNDA:0,(anonymous_2)
FNDA:0,(anonymous_3)
FNDA:0,(anonymous_4)
DA:14,0
DA:16,0
DA:17,0
DA:18,0
DA:19,0
DA:27,0
DA:29,0
DA:34,0
DA:35,0
DA:36,0
DA:40,0
DA:41,0
DA:42,0
DA:43,0
DA:44,0
DA:50,0
DA:51,0
DA:54,0
DA:55,0
DA:59,0
DA:63,0
DA:64,0
DA:65,0
DA:68,0
DA:72,0
LF:25
LH:0
BRDA:13,0,0,0
BRDA:29,1,0,0
BRDA:29,1,1,0
BRDA:29,2,0,0
BRDA:29,2,1,0
BRDA:29,2,2,0
BRDA:29,2,3,0
BRDA:41,3,0,0
BRDA:41,3,1,0
BRDA:50,4,0,0
BRDA:50,4,1,0
BRDA:54,5,0,0
BRDA:54,5,1,0
BRDA:59,6,0,0
BRDA:59,6,1,0
BRDA:64,7,0,0
BRDA:64,7,1,0
BRF:17
BRH:0
end_of_record
TN:
SF:/Users/jfondriest/githubyext/answers-search-ui/src/core/storage/resultscontext.js
FNF:0
FNH:0
LF:0
LH:0
BRF:0
BRH:0
end_of_record
TN:
SF:/Users/jfondriest/githubyext/answers-search-ui/src/core/storage/searchstates.js
FNF:0
FNH:0
DA:12,35
LF:1
LH:1
BRF:0
BRH:0
end_of_record
TN:
SF:/Users/jfondriest/githubyext/answers-search-ui/src/core/storage/storage.js
FN:16,(anonymous_0)
FN:21,(anonymous_1)
FN:22,(anonymous_2)
FN:40,(anonymous_3)
FN:76,(anonymous_4)
FN:78,(anonymous_5)
FN:94,(anonymous_6)
FN:114,(anonymous_7)
FN:129,(anonymous_8)
FN:140,(anonymous_9)
FN:154,(anonymous_10)
FN:163,(anonymous_11)
FN:172,(anonymous_12)
FN:187,(anonymous_13)
FN:197,(anonymous_14)
FN:199,(anonymous_15)
FN:212,(anonymous_16)
FN:221,(anonymous_17)
FN:234,(anonymous_18)
FN:235,(anonymous_19)
FN:242,(anonymous_20)
FN:243,(anonymous_21)
FNF:22
FNH:21
FNDA:343,(anonymous_0)
FNDA:11,(anonymous_1)
FNDA:1,(anonymous_2)
FNDA:2,(anonymous_3)
FNDA:276,(anonymous_4)
FNDA:17,(anonymous_5)
FNDA:593,(anonymous_6)
FNDA:134,(anonymous_7)
FNDA:0,(anonymous_8)
FNDA:11,(anonymous_9)
FNDA:1071,(anonymous_10)
FNDA:33,(anonymous_11)
FNDA:20,(anonymous_12)
FNDA:43,(anonymous_13)
FNDA:121,(anonymous_14)
FNDA:133,(anonymous_15)
FNDA:10,(anonymous_16)
FNDA:321,(anonymous_17)
FNDA:2,(anonymous_18)
FNDA:2,(anonymous_19)
FNDA:587,(anonymous_20)
FNDA:585,(anonymous_21)
DA:20,343
DA:30,343
DA:40,343
DA:41,2
DA:42,2
DA:50,343
DA:58,343
DA:65,343
DA:77,276
DA:78,276
DA:79,17
DA:82,17
DA:84,276
DA:95,593
DA:96,3
DA:99,590
DA:100,3
DA:103,587
DA:104,587
DA:115,134
DA:117,134
DA:118,134
DA:119,38
DA:122,134
DA:130,0
DA:131,0
DA:141,11
DA:142,11
DA:155,1071
DA:164,33
DA:173,20
DA:174,3
DA:177,17
DA:178,17
DA:188,43
DA:198,121
DA:199,121
DA:200,133
DA:202,121
DA:213,10
DA:222,321
DA:224,7
DA:226,314
DA:235,2
DA:243,587
DA:244,585
DA:245,146
LF:47
LH:45
BRDA:16,0,0,331
BRDA:21,1,0,343
BRDA:21,1,1,333
BRDA:22,2,0,343
BRDA:22,2,1,333
BRDA:79,3,0,11
BRDA:79,3,1,6
BRDA:95,4,0,3
BRDA:95,4,1,590
BRDA:95,5,0,593
BRDA:95,5,1,592
BRDA:95,5,2,591
BRDA:99,6,0,3
BRDA:99,6,1,587
BRDA:118,7,0,38
BRDA:118,7,1,96
BRDA:173,8,0,3
BRDA:173,8,1,17
BRDA:173,9,0,20
BRDA:173,9,1,19
BRDA:173,9,2,18
BRDA:222,10,0,7
BRDA:222,10,1,314
BRDA:222,11,0,321
BRDA:222,11,1,319
BRDA:222,11,2,317
BRDA:222,11,3,315
BRDA:244,12,0,146
BRDA:244,12,1,439
BRDA:244,13,0,585
BRDA:244,13,1,146
BRF:31
BRH:31
end_of_record
TN:
SF:/Users/jfondriest/githubyext/answers-search-ui/src/core/storage/storageindexes.js
FNF:0
FNH:0
LF:0
LH:0
BRF:0
BRH:0
end_of_record
TN:
SF:/Users/jfondriest/githubyext/answers-search-ui/src/core/storage/storagekeys.js
FNF:0
FNH:0
DA:9,37
LF:1
LH:1
BRF:0
BRH:0
end_of_record
TN:
SF:/Users/jfondriest/githubyext/answers-search-ui/src/core/storage/storagelistener.js
FN:10,(anonymous_0)
FNF:1
FNH:1
FNDA:15,(anonymous_0)
DA:11,15
DA:12,15
DA:13,15
LF:3
LH:3
BRF:0
BRH:0
end_of_record
TN:
SF:/Users/jfondriest/githubyext/answers-search-ui/src/core/utils/apicontext.js
FN:1,isValidContext
FNF:1
FNH:1
FNDA:8,isValidContext
DA:4,8
DA:5,8
DA:7,2
DA:10,6
DA:11,2
DA:14,4
LF:6
LH:6
BRDA:10,0,0,2
BRDA:10,0,1,4
BRDA:14,1,0,4
BRDA:14,1,1,3
BRF:4
BRH:4
end_of_record
TN:
SF:/Users/jfondriest/githubyext/answers-search-ui/src/core/utils/arrayutils.js
FN:12,groupArray
FN:13,(anonymous_1)
FN:14,(anonymous_2)
FN:15,(anonymous_3)
FNF:4
FNH:3
FNDA:205,groupArray
FNDA:0,(anonymous_1)
FNDA:150,(anonymous_2)
FNDA:165,(anonymous_3)
DA:13,205
DA:14,205
DA:15,205
DA:16,165
DA:17,165
DA:18,165
DA:19,117
DA:21,48
DA:23,165
LF:9
LH:9
BRDA:13,0,0,205
BRDA:13,0,1,0
BRDA:14,1,0,205
BRDA:14,1,1,177
BRDA:18,2,0,117
BRDA:18,2,1,48
BRDA:24,3,0,205
BRDA:24,3,1,191
BRF:8
BRH:7
end_of_record
TN:
SF:/Users/jfondriest/githubyext/answers-search-ui/src/core/utils/configutils.js
FN:14,defaultConfigOption
FNF:1
FNH:1
FNDA:168,defaultConfigOption
DA:15,168
DA:16,271
DA:17,271
DA:18,271
DA:19,271
DA:20,158
DA:21,130
DA:22,130
DA:24,28
DA:26,271
DA:27,271
DA:28,8
DA:31,160
LF:13
LH:13
BRDA:20,0,0,130
BRDA:20,0,1,28
BRDA:27,1,0,8
BRDA:27,1,1,263
BRDA:27,2,0,271
BRDA:27,2,1,141
BRF:6
BRH:6
end_of_record
TN:
SF:/Users/jfondriest/githubyext/answers-search-ui/src/core/utils/filternodeutils.js
FN:10,convertNlpFiltersToFilterNodes
FN:11,(anonymous_1)
FN:26,flattenFilterNodes
FN:27,(anonymous_3)
FN:37,pruneFilterNodes
FN:39,(anonymous_5)
FNF:6
FNH:6
FNDA:9,convertNlpFiltersToFilterNodes
FNDA:1,(anonymous_1)
FNDA:9,flattenFilterNodes
FNDA:3,(anonymous_3)
FNDA:23,pruneFilterNodes
FNDA:5,(anonymous_5)
DA:11,9
DA:27,9
DA:38,23
DA:40,5
DA:41,5
DA:42,0
DA:44,5
DA:45,5
LF:8
LH:7
BRDA:41,0,0,0
BRDA:41,0,1,5
BRDA:41,1,0,5
BRDA:41,1,1,5
BRF:4
BRH:3
end_of_record
TN:
SF:/Users/jfondriest/githubyext/answers-search-ui/src/core/utils/i18nutils.js
FN:8,parseLocale
FN:11,(anonymous_1)
FN:36,(anonymous_2)
FN:60,isRTL
FN:107,localizedDistance
FN:130,_toKilometers
FN:143,_toMiles
FN:154,_getDistanceUnit
FN:164,_getUnitsForLocale
FNF:9
FNH:8
FNDA:95,parseLocale
FNDA:95,(anonymous_1)
FNDA:10,(anonymous_2)
FNDA:0,isRTL
FNDA:10,localizedDistance
FNDA:9,_toKilometers
FNDA:1,_toMiles
FNDA:10,_getDistanceUnit
FNDA:10,_getUnitsForLocale
DA:9,95
DA:10,95
DA:11,95
DA:12,95
DA:13,95
DA:14,67
DA:15,28
DA:16,6
DA:17,6
DA:18,5
DA:20,1
DA:22,22
DA:23,17
DA:24,5
DA:25,5
DA:29,0
DA:30,0
DA:33,0
DA:36,95
DA:37,10
DA:39,95
DA:44,95
DA:45,10
DA:47,95
DA:48,23
DA:51,95
DA:61,0
DA:62,0
DA:64,0
DA:70,35
DA:77,35
DA:86,35
DA:97,35
DA:108,10
DA:109,0
DA:111,10
DA:112,10
DA:113,10
DA:115,1
DA:117,9
DA:119,0
DA:131,9
DA:132,9
DA:144,1
DA:145,1
DA:155,10
DA:156,10
DA:165,10
DA:166,10
DA:167,10
DA:168,7
DA:171,3
DA:172,3
DA:173,2
DA:175,1
LF:55
LH:47
BRDA:13,0,0,67
BRDA:13,0,1,28
BRDA:15,1,0,6
BRDA:15,1,1,22
BRDA:15,2,0,28
BRDA:15,2,1,23
BRDA:17,3,0,5
BRDA:17,3,1,1
BRDA:22,4,0,17
BRDA:22,4,1,5
BRDA:24,5,0,5
BRDA:24,5,1,0
BRDA:29,6,0,0
BRDA:29,6,1,0
BRDA:44,7,0,10
BRDA:44,7,1,85
BRDA:47,8,0,23
BRDA:47,8,1,72
BRDA:61,9,0,0
BRDA:61,9,1,0
BRDA:108,10,0,0
BRDA:108,10,1,10
BRDA:113,11,0,1
BRDA:113,11,1,9
BRDA:113,11,2,0
BRDA:167,12,0,7
BRDA:167,12,1,3
BRDA:172,13,0,2
BRDA:172,13,1,1
BRDA:173,14,0,2
BRDA:173,14,1,1
BRF:31
BRH:24
end_of_record
TN:
SF:/Users/jfondriest/githubyext/answers-search-ui/src/core/utils/mergeAdditionalHttpHeaders.js
FN:19,mergeAdditionalHttpHeaders
FN:43,validateAdditionalHeadersIsObj
FN:53,validateAdditionalHttpHeaders
FN:54,(anonymous_3)
FN:55,(anonymous_4)
FN:61,validateClientSdkValues
FN:62,(anonymous_6)
FNF:7
FNH:7
FNDA:20,mergeAdditionalHttpHeaders
FNDA:20,validateAdditionalHeadersIsObj
FNDA:19,validateAdditionalHttpHeaders
FNDA:6,(anonymous_3)
FNDA:2,(anonymous_4)
FNDA:19,validateClientSdkValues
FNDA:2,(anonymous_6)
DA:3,4
DA:5,4
DA:6,4
DA:8,4
DA:20,20
DA:21,1
DA:26,19
DA:27,19
DA:28,19
DA:33,19
DA:35,19
DA:44,20
DA:45,1
DA:48,1
DA:50,19
DA:54,19
DA:55,19
DA:62,19
DA:63,2
DA:64,19
DA:65,1
DA:67,19
DA:68,1
LF:23
LH:23
BRDA:19,0,0,15
BRDA:20,1,0,1
BRDA:20,1,1,19
BRDA:27,2,0,19
BRDA:27,2,1,15
BRDA:44,3,0,1
BRDA:44,3,1,19
BRDA:53,4,0,0
BRDA:61,5,0,0
BRDA:64,6,0,1
BRDA:64,6,1,18
BRDA:67,7,0,1
BRDA:67,7,1,18
BRF:13
BRH:11
end_of_record
TN:
SF:/Users/jfondriest/githubyext/answers-search-ui/src/core/utils/objectutils.js
FN:17,nestValue
FN:18,(anonymous_1)
FNF:2
FNH:0
FNDA:0,nestValue
FNDA:0,(anonymous_1)
DA:18,0
DA:19,0
LF:2
LH:0
BRF:0
BRH:0
end_of_record
TN:
SF:/Users/jfondriest/githubyext/answers-search-ui/src/core/utils/resultsutils.js
FN:8,getContainerClass
FNF:1
FNH:1
FNDA:324,getContainerClass
DA:9,324
DA:11,118
DA:13,101
DA:15,105
DA:17,0
DA:18,0
LF:6
LH:4
BRDA:9,0,0,118
BRDA:9,0,1,101
BRDA:9,0,2,105
BRDA:9,0,3,0
BRF:4
BRH:3
end_of_record
TN:
SF:/Users/jfondriest/githubyext/answers-search-ui/src/core/utils/richtextformatter.js
FN:25,(anonymous_0)
FN:37,(anonymous_1)
FN:59,urlTransformer
FN:89,generatePluginName
FN:90,s4
FNF:5
FNH:5
FNDA:13,(anonymous_0)
FNDA:19,(anonymous_1)
FNDA:19,urlTransformer
FNDA:13,generatePluginName
FNDA:104,s4
DA:26,13
DA:27,0
DA:32,13
DA:33,13
DA:37,19
DA:39,13
DA:43,13
DA:45,13
DA:49,13
DA:51,13
DA:60,19
DA:62,19
DA:63,12
DA:66,19
DA:68,19
DA:69,6
DA:70,6
DA:71,13
DA:72,6
DA:73,6
DA:75,7
DA:76,7
DA:79,19
DA:80,19
DA:91,104
DA:93,13
LF:26
LH:25
BRDA:25,0,0,11
BRDA:26,1,0,0
BRDA:26,1,1,13
BRDA:39,2,0,3
BRDA:39,2,1,10
BRDA:43,3,0,13
BRDA:43,3,1,0
BRDA:60,4,0,19
BRDA:60,4,1,4
BRDA:62,5,0,12
BRDA:62,5,1,7
BRDA:68,6,0,6
BRDA:68,6,1,13
BRDA:70,7,0,6
BRDA:70,7,1,2
BRDA:71,8,0,6
BRDA:71,8,1,7
BRDA:73,9,0,6
BRDA:73,9,1,2
BRDA:76,10,0,7
BRDA:76,10,1,3
BRDA:80,11,0,19
BRDA:80,11,1,14
BRF:23
BRH:21
end_of_record
TN:
SF:/Users/jfondriest/githubyext/answers-search-ui/src/core/utils/strings.js
FN:9,truncate
FNF:1
FNH:1
FNDA:16,truncate
DA:10,16
DA:11,15
DA:15,1
DA:16,1
DA:17,1
DA:19,1
DA:20,30
DA:21,30
DA:23,1
DA:24,1
DA:27,29
DA:30,1
LF:12
LH:12
BRDA:9,0,0,16
BRDA:9,1,0,16
BRDA:9,2,0,16
BRDA:10,3,0,15
BRDA:10,3,1,1
BRDA:10,4,0,16
BRDA:10,4,1,12
BRDA:21,5,0,1
BRDA:21,5,1,29
BRDA:21,6,0,30
BRDA:21,6,1,29
BRDA:21,6,2,28
BRDA:27,7,0,1
BRDA:27,7,1,28
[...]
DA:37,19
DA:38,19
DA:40,19
DA:41,2
DA:45,17
DA:46,5
DA:49,17
DA:50,17
DA:51,30
DA:52,30
DA:53,29
DA:55,1
DA:59,17
DA:68,22
DA:69,5
DA:71,17
DA:80,4
DA:89,0
DA:97,0
DA:105,2
DA:106,2
DA:107,2
DA:109,2
DA:113,0
DA:114,0
DA:115,0
DA:117,0
DA:126,31
DA:135,8
DA:142,8
DA:143,6
LF:35
LH:29
BRDA:19,0,0,316
BRDA:19,0,1,19
BRDA:19,1,0,335
BRDA:19,1,1,335
BRDA:40,2,0,2
BRDA:40,2,1,17
BRDA:45,3,0,5
BRDA:45,3,1,12
BRDA:52,4,0,29
BRDA:52,4,1,1
BRDA:68,5,0,5
BRDA:68,5,1,17
BRF:12
BRH:12
end_of_record
TN:
SF:/Users/jfondriest/githubyext/answers-search-ui/src/ui/i18n/translationflagger.js
FN:21,(anonymous_0)
FNF:1
FNH:1
FNDA:1506,(anonymous_0)
DA:22,1506
DA:23,1506
DA:24,1506
DA:25,1452
DA:28,54
DA:29,54
DA:30,84
DA:32,54
LF:8
LH:8
BRDA:22,0,0,1506
BRDA:22,0,1,0
BRDA:22,0,2,0
BRDA:23,1,0,0
BRDA:23,1,1,1506
BRDA:24,2,0,1452
BRDA:24,2,1,54
BRF:7
BRH:4
end_of_record
TN:
SF:/Users/jfondriest/githubyext/answers-search-ui/src/ui/icons/briefcase.js
FNF:0
FNH:0
LF:0
LH:0
BRF:0
BRH:0
end_of_record
TN:
SF:/Users/jfondriest/githubyext/answers-search-ui/src/ui/icons/calendar.js
FNF:0
FNH:0
LF:0
LH:0
BRF:0
BRH:0
end_of_record
TN:
SF:/Users/jfondriest/githubyext/answers-search-ui/src/ui/icons/callout.js
FNF:0
FNH:0
LF:0
LH:0
BRF:0
BRH:0
end_of_record
TN:
SF:/Users/jfondriest/githubyext/answers-search-ui/src/ui/icons/chevron.js
FNF:0
FNH:0
LF:0
LH:0
BRF:0
BRH:0
end_of_record
TN:
SF:/Users/jfondriest/githubyext/answers-search-ui/src/ui/icons/close.js
FNF:0
FNH:0
LF:0
LH:0
BRF:0
BRH:0
end_of_record
TN:
SF:/Users/jfondriest/githubyext/answers-search-ui/src/ui/icons/directions.js
FNF:0
FNH:0
LF:0
LH:0
BRF:0
BRH:0
end_of_record
TN:
SF:/Users/jfondriest/githubyext/answers-search-ui/src/ui/icons/document.js
FNF:0
FNH:0
LF:0
LH:0
BRF:0
BRH:0
end_of_record
TN:
SF:/Users/jfondriest/githubyext/answers-search-ui/src/ui/icons/elements.js
FNF:0
FNH:0
LF:0
LH:0
BRF:0
BRH:0
end_of_record
TN:
SF:/Users/jfondriest/githubyext/answers-search-ui/src/ui/icons/email.js
FNF:0
FNH:0
LF:0
LH:0
BRF:0
BRH:0
end_of_record
TN:
SF:/Users/jfondriest/githubyext/answers-search-ui/src/ui/icons/gear.js
FNF:0
FNH:0
LF:0
LH:0
BRF:0
BRH:0
end_of_record
TN:
SF:/Users/jfondriest/githubyext/answers-search-ui/src/ui/icons/icon.js
FN:10,(anonymous_0)
FN:34,(anonymous_1)
FN:42,(anonymous_2)
FN:53,(anonymous_3)
FN:55,(anonymous_4)
FNF:5
FNH:5
FNDA:960,(anonymous_0)
FNDA:960,(anonymous_1)
FNDA:954,(anonymous_2)
FNDA:990,(anonymous_3)
FNDA:24,(anonymous_4)
DA:14,960
DA:18,960
DA:22,960
DA:27,960
DA:31,960
DA:35,960
DA:36,150
DA:39,810
DA:43,954
DA:44,954
DA:45,24
DA:47,954
DA:54,990
DA:55,60
DA:57,930
LF:15
LH:15
BRDA:27,0,0,960
BRDA:27,0,1,540
BRDA:35,1,0,150
BRDA:35,1,1,810
BRDA:44,2,0,24
BRDA:44,2,1,930
BRDA:54,3,0,60
BRDA:54,3,1,930
BRF:8
BRH:8
end_of_record
TN:
SF:/Users/jfondriest/githubyext/answers-search-ui/src/ui/icons/index.js
FN:71,(anonymous_0)
FNF:1
FNH:1
FNDA:960,(anonymous_0)
DA:34,30
DA:69,30
DA:71,30
DA:72,960
DA:75,30
LF:5
LH:5
BRF:0
BRH:0
end_of_record
TN:
SF:/Users/jfondriest/githubyext/answers-search-ui/src/ui/icons/info.js
FNF:0
FNH:0
LF:0
LH:0
BRF:0
BRH:0
end_of_record
TN:
SF:/Users/jfondriest/githubyext/answers-search-ui/src/ui/icons/kabob.js
FNF:0
FNH:0
LF:0
LH:0
BRF:0
BRH:0
end_of_record
TN:
SF:/Users/jfondriest/githubyext/answers-search-ui/src/ui/icons/light_bulb.js
FNF:0
FNH:0
LF:0
LH:0
BRF:0
BRH:0
end_of_record
TN:
SF:/Users/jfondriest/githubyext/answers-search-ui/src/ui/icons/link.js
FNF:0
FNH:0
LF:0
LH:0
BRF:0
BRH:0
end_of_record
TN:
SF:/Users/jfondriest/githubyext/answers-search-ui/src/ui/icons/magnifying_glass.js
FNF:0
FNH:0
LF:0
LH:0
BRF:0
BRH:0
end_of_record
TN:
SF:/Users/jfondriest/githubyext/answers-search-ui/src/ui/icons/mic.js
FNF:0
FNH:0
LF:0
LH:0
BRF:0
BRH:0
end_of_record
TN:
SF:/Users/jfondriest/githubyext/answers-search-ui/src/ui/icons/office.js
FNF:0
FNH:0
LF:0
LH:0
BRF:0
BRH:0
end_of_record
TN:
SF:/Users/jfondriest/githubyext/answers-search-ui/src/ui/icons/pantheon.js
FNF:0
FNH:0
LF:0
LH:0
BRF:0
BRH:0
end_of_record
TN:
SF:/Users/jfondriest/githubyext/answers-search-ui/src/ui/icons/person.js
FNF:0
FNH:0
LF:0
LH:0
BRF:0
BRH:0
end_of_record
TN:
SF:/Users/jfondriest/githubyext/answers-search-ui/src/ui/icons/phone.js
FNF:0
FNH:0
LF:0
LH:0
BRF:0
BRH:0
end_of_record
TN:
SF:/Users/jfondriest/githubyext/answers-search-ui/src/ui/icons/pin.js
FNF:0
FNH:0
LF:0
LH:0
BRF:0
BRH:0
end_of_record
TN:
SF:/Users/jfondriest/githubyext/answers-search-ui/src/ui/icons/receipt.js
FNF:0
FNH:0
LF:0
LH:0
BRF:0
BRH:0
end_of_record
TN:
SF:/Users/jfondriest/githubyext/answers-search-ui/src/ui/icons/star.js
FNF:0
FNH:0
LF:0
LH:0
BRF:0
BRH:0
end_of_record
TN:
SF:/Users/jfondriest/githubyext/answers-search-ui/src/ui/icons/support.js
FNF:0
FNH:0
LF:0
LH:0
BRF:0
BRH:0
end_of_record
TN:
SF:/Users/jfondriest/githubyext/answers-search-ui/src/ui/icons/tag.js
FNF:0
FNH:0
LF:0
LH:0
BRF:0
BRH:0
end_of_record
TN:
SF:/Users/jfondriest/githubyext/answers-search-ui/src/ui/icons/thumb.js
FNF:0
FNH:0
LF:0
LH:0
BRF:0
BRH:0
end_of_record
TN:
SF:/Users/jfondriest/githubyext/answers-search-ui/src/ui/icons/voice_search_dots.js
FNF:0
FNH:0
LF:0
LH:0
BRF:0
BRH:0
end_of_record
TN:
SF:/Users/jfondriest/githubyext/answers-search-ui/src/ui/icons/voice_search_mic.js
FNF:0
FNH:0
LF:0
LH:0
BRF:0
BRH:0
end_of_record
TN:
SF:/Users/jfondriest/githubyext/answers-search-ui/src/ui/icons/window.js
FNF:0
FNH:0
LF:0
LH:0
BRF:0
BRH:0
end_of_record
TN:
SF:/Users/jfondriest/githubyext/answers-search-ui/src/ui/icons/yext.js
FNF:0
FNH:0
LF:0
LH:0
BRF:0
BRH:0
end_of_record
TN:
SF:/Users/jfondriest/githubyext/answers-search-ui/src/ui/icons/yext_animated_forward.js
FN:5,(anonymous_0)
FNF:1
FNH:1
FNDA:12,(anonymous_0)
DA:6,12
DA:7,12
LF:2
LH:2
BRDA:5,0,0,0
BRDA:6,1,0,12
BRDA:6,1,1,0
BRF:3
BRH:1
end_of_record
TN:
SF:/Users/jfondriest/githubyext/answers-search-ui/src/ui/icons/yext_animated_reverse.js
FN:5,(anonymous_0)
FNF:1
FNH:1
FNDA:12,(anonymous_0)
DA:6,12
DA:7,12
LF:2
LH:2
BRDA:5,0,0,0
BRDA:6,1,0,12
BRDA:6,1,1,0
BRF:3
BRH:1
end_of_record
TN:
SF:/Users/jfondriest/githubyext/answers-search-ui/src/ui/rendering/const.js
FNF:0
FNH:0
DA:8,29
LF:1
LH:1
BRF:0
BRH:0
end_of_record
TN:
SF:/Users/jfondriest/githubyext/answers-search-ui/src/ui/rendering/defaulttemplatesloader.js
FN:12,(anonymous_0)
FN:17,(anonymous_1)
FN:20,(anonymous_2)
FN:28,(anonymous_3)
FN:32,(anonymous_4)
FN:41,(anonymous_5)
FN:59,(anonymous_6)
FN:67,(anonymous_7)
FN:74,(anonymous_8)
FNF:9
FNH:0
FNDA:0,(anonymous_0)
FNDA:0,(anonymous_1)
FNDA:0,(anonymous_2)
FNDA:0,(anonymous_3)
FNDA:0,(anonymous_4)
FNDA:0,(anonymous_5)
FNDA:0,(anonymous_6)
FNDA:0,(anonymous_7)
FNDA:0,(anonymous_8)
DA:13,0
DA:14,0
DA:16,0
DA:17,0
DA:21,0
DA:22,0
DA:23,0
DA:25,0
DA:29,0
DA:34,0
DA:35,0
DA:36,0
DA:41,0
DA:42,0
DA:49,0
DA:60,0
DA:63,0
DA:64,0
DA:68,0
DA:75,0
LF:20
LH:0
BRDA:13,0,0,0
BRDA:13,0,1,0
BRDA:17,1,0,0
BRDA:17,1,1,0
BRDA:21,2,0,0
BRDA:21,2,1,0
BRDA:35,3,0,0
BRDA:35,3,1,0
BRF:8
BRH:0
end_of_record
TN:
SF:/Users/jfondriest/githubyext/answers-search-ui/src/ui/rendering/handlebarsrenderer.js
FN:14,(anonymous_0)
FN:32,(anonymous_1)
FN:50,(anonymous_2)
FN:59,(anonymous_3)
FN:67,(anonymous_4)
FN:75,(anonymous_5)
FN:85,(anonymous_6)
FN:97,(anonymous_7)
FN:106,(anonymous_8)
FN:126,(anonymous_9)
FN:127,(anonymous_10)
FN:131,(anonymous_11)
FN:136,(anonymous_12)
FN:139,(anonymous_13)
FN:142,(anonymous_14)
FN:145,(anonymous_15)
FN:148,(anonymous_16)
FN:151,(anonymous_17)
FN:154,(anonymous_18)
FN:157,(anonymous_19)
FN:163,(anonymous_20)
FN:164,(anonymous_21)
FN:165,(anonymous_22)
FN:166,(anonymous_23)
FN:167,(anonymous_24)
FN:170,(anonymous_25)
FN:173,(anonymous_26)
FN:176,(anonymous_27)
FN:186,(anonymous_28)
FN:202,(anonymous_29)
FN:208,(anonymous_30)
FN:216,(anonymous_31)
FN:221,(anonymous_32)
FN:242,(anonymous_33)
FN:255,(anonymous_34)
FN:262,(anonymous_35)
FNF:36
FNH:24
FNDA:167,(anonymous_0)
FNDA:165,(anonymous_1)
FNDA:1992,(anonymous_2)
FNDA:0,(anonymous_3)
FNDA:259,(anonymous_4)
FNDA:90,(anonymous_5)
FNDA:23,(anonymous_6)
FNDA:0,(anonymous_7)
FNDA:273,(anonymous_8)
FNDA:166,(anonymous_9)
FNDA:4,(anonymous_10)
FNDA:0,(anonymous_11)
FNDA:6,(anonymous_12)
FNDA:0,(anonymous_13)
FNDA:0,(anonymous_14)
FNDA:0,(anonymous_15)
FNDA:0,(anonymous_16)
FNDA:196,(anonymous_17)
FNDA:245,(anonymous_18)
FNDA:30,(anonymous_19)
FNDA:12,(anonymous_20)
FNDA:12,(anonymous_21)
FNDA:0,(anonymous_22)
FNDA:0,(anonymous_23)
FNDA:0,(anonymous_24)
FNDA:1,(anonymous_25)
FNDA:1,(anonymous_26)
FNDA:0,(anonymous_27)
FNDA:6,(anonymous_28)
FNDA:8,(anonymous_29)
FNDA:0,(anonymous_30)
FNDA:63,(anonymous_31)
FNDA:189,(anonymous_32)
FNDA:253,(anonymous_33)
FNDA:6,(anonymous_34)
FNDA:6,(anonymous_35)
DA:15,167
DA:22,167
DA:29,167
DA:35,165
DA:36,165
DA:39,165
DA:43,165
DA:51,1992
DA:60,0
DA:68,259
DA:76,90
DA:86,23
DA:87,0
DA:89,23
DA:98,0
DA:110,273
DA:111,8
DA:114,265
DA:115,0
DA:118,265
DA:119,265
DA:121,0
DA:122,0
DA:127,166
DA:128,4
DA:131,166
DA:132,0
DA:135,166
DA:137,6
DA:140,0
DA:143,0
DA:146,0
DA:149,0
DA:152,196
DA:155,245
DA:158,30
DA:162,166
DA:163,12
DA:164,12
DA:165,0
DA:166,0
DA:167,0
DA:170,166
DA:171,1
DA:172,1
DA:173,1
DA:176,166
DA:177,0
DA:178,0
DA:179,0
DA:180,0
DA:181,0
DA:183,0
DA:186,166
DA:187,6
DA:188,6
DA:190,6
DA:191,0
DA:194,6
DA:195,6
DA:196,12
DA:199,6
DA:202,166
DA:203,8
DA:208,166
DA:209,0
DA:214,166
DA:216,166
DA:217,63
DA:218,63
DA:219,63
DA:221,63
DA:222,189
DA:223,41
DA:224,41
DA:226,148
DA:230,63
DA:232,63
DA:233,63
DA:235,63
DA:242,166
DA:243,253
DA:244,253
DA:245,2
DA:247,251
DA:248,24
DA:250,227
DA:252,251
DA:255,166
DA:256,6
DA:258,6
DA:262,6
DA:264,6
LF:93
LH:71
BRDA:14,0,0,166
BRDA:14,1,0,167
BRDA:22,2,0,167
BRDA:22,2,1,166
BRDA:29,3,0,167
BRDA:29,3,1,0
BRDA:86,4,0,0
BRDA:86,4,1,23
BRDA:110,5,0,8
BRDA:110,5,1,265
BRDA:114,6,0,0
BRDA:114,6,1,265
BRDA:128,7,0,0
BRDA:128,7,1,4
BRDA:132,8,0,0
BRDA:132,8,1,0
BRDA:173,9,0,0
BRDA:173,9,1,1
BRDA:179,10,0,0
BRDA:179,10,1,0
BRDA:180,11,0,0
BRDA:180,11,1,0
BRDA:190,12,0,0
BRDA:190,12,1,6
BRDA:203,13,0,4
BRDA:203,13,1,4
BRDA:209,14,0,0
BRDA:209,14,1,0
BRDA:222,15,0,41
BRDA:222,15,1,148
BRDA:232,16,0,63
BRDA:232,16,1,55
BRDA:235,17,0,18
BRDA:235,17,1,45
BRDA:244,18,0,2
BRDA:244,18,1,251
BRDA:247,19,0,24
BRDA:247,19,1,227
BRDA:256,20,0,6
BRDA:256,20,1,0
BRDA:264,21,0,4
BRDA:264,21,1,2
BRF:42
BRH:27
end_of_record
TN:
SF:/Users/jfondriest/githubyext/answers-search-ui/src/ui/rendering/renderer.js
FN:13,(anonymous_0)
FN:17,(anonymous_1)
FN:21,(anonymous_2)
FN:25,(anonymous_3)
FN:29,(anonymous_4)
FNF:5
FNH:0
FNDA:0,(anonymous_0)
FNDA:0,(anonymous_1)
FNDA:0,(anonymous_2)
FNDA:0,(anonymous_3)
FNDA:0,(anonymous_4)
DA:14,0
LF:1
LH:0
BRF:0
BRH:0
end_of_record
TN:
SF:/Users/jfondriest/githubyext/answers-search-ui/src/ui/speechrecognition/listeningiconstylist.js
FN:7,(anonymous_0)
FN:28,(anonymous_1)
FN:32,(anonymous_2)
FN:37,(anonymous_3)
FN:46,(anonymous_4)
FN:50,(anonymous_5)
FN:56,(anonymous_6)
FN:57,(anonymous_7)
FNF:8
FNH:0
FNDA:0,(anonymous_0)
FNDA:0,(anonymous_1)
FNDA:0,(anonymous_2)
FNDA:0,(anonymous_3)
FNDA:0,(anonymous_4)
FNDA:0,(anonymous_5)
FNDA:0,(anonymous_6)
FNDA:0,(anonymous_7)
DA:8,0
DA:11,0
DA:12,0
DA:13,0
DA:15,0
DA:16,0
DA:22,0
DA:29,0
DA:30,0
DA:32,0
DA:33,0
DA:36,0
DA:37,0
DA:38,0
DA:47,0
DA:48,0
DA:50,0
DA:51,0
DA:55,0
DA:56,0
DA:57,0
DA:58,0
LF:22
LH:0
BRDA:29,0,0,0
BRDA:29,0,1,0
BRDA:36,1,0,0
BRDA:36,1,1,0
BRDA:47,2,0,0
BRDA:47,2,1,0
BRDA:55,3,0,0
BRDA:55,3,1,0
BRF:8
BRH:0
end_of_record
TN:
SF:/Users/jfondriest/githubyext/answers-search-ui/src/ui/speechrecognition/miciconstylist.js
FN:7,(anonymous_0)
FN:21,(anonymous_1)
FN:32,(anonymous_2)
FNF:3
FNH:0
FNDA:0,(anonymous_0)
FNDA:0,(anonymous_1)
FNDA:0,(anonymous_2)
DA:8,0
DA:11,0
DA:12,0
DA:14,0
DA:15,0
DA:22,0
DA:23,0
DA:25,0
DA:33,0
DA:34,0
DA:36,0
LF:11
LH:0
BRDA:22,0,0,0
BRDA:22,0,1,0
BRDA:33,1,0,0
BRDA:33,1,1,0
BRF:4
BRH:0
end_of_record
TN:
SF:/Users/jfondriest/githubyext/answers-search-ui/src/ui/speechrecognition/screenreadertextcontroller.js
FN:8,(anonymous_0)
FN:31,(anonymous_1)
FN:35,(anonymous_2)
FNF:3
FNH:3
FNDA:2,(anonymous_0)
FNDA:3,(anonymous_1)
FNDA:1,(anonymous_2)
DA:13,2
DA:22,2
DA:27,2
DA:28,2
DA:32,3
DA:36,1
LF:6
LH:6
BRDA:13,0,0,2
BRDA:13,0,1,2
BRDA:22,1,0,2
BRDA:22,1,1,2
BRF:4
BRH:4
end_of_record
TN:
SF:/Users/jfondriest/githubyext/answers-search-ui/src/ui/speechrecognition/speechrecognizer.js
FN:11,(anonymous_0)
FN:48,(anonymous_1)
FN:49,(anonymous_2)
FN:52,(anonymous_3)
FN:56,(anonymous_4)
FN:59,(anonymous_5)
FN:68,(anonymous_6)
FN:74,(anonymous_7)
FN:94,(anonymous_8)
FN:110,(anonymous_9)
FN:121,(anonymous_10)
FN:129,(anonymous_11)
FN:137,(anonymous_12)
FN:145,(anonymous_13)
FNF:14
FNH:8
FNDA:2,(anonymous_0)
FNDA:2,(anonymous_1)
FNDA:1,(anonymous_2)
FNDA:0,(anonymous_3)
FNDA:0,(anonymous_4)
FNDA:0,(anonymous_5)
FNDA:0,(anonymous_6)
FNDA:0,(anonymous_7)
FNDA:0,(anonymous_8)
FNDA:1,(anonymous_9)
FNDA:1,(anonymous_10)
FNDA:2,(anonymous_11)
FNDA:2,(anonymous_12)
FNDA:2,(anonymous_13)
DA:12,2
DA:13,2
DA:15,2
DA:23,2
DA:29,2
DA:36,2
DA:43,2
DA:45,2
DA:49,2
DA:50,1
DA:52,2
DA:53,0
DA:54,0
DA:56,2
DA:57,0
DA:59,2
DA:60,0
DA:73,0
DA:74,0
DA:75,0
DA:78,0
DA:79,0
DA:81,0
DA:82,0
DA:83,0
DA:85,0
DA:86,0
DA:95,0
DA:96,0
DA:97,0
DA:98,0
DA:100,0
DA:102,0
DA:104,0
DA:111,1
DA:112,1
DA:114,0
DA:122,1
DA:130,2
DA:138,2
DA:146,2
LF:41
LH:19
BRDA:15,0,0,0
BRDA:15,0,1,2
BRDA:54,1,0,0
BRDA:54,1,1,0
BRDA:81,2,0,0
BRDA:81,2,1,0
BRDA:82,3,0,0
BRDA:82,3,1,0
BRDA:85,4,0,0
BRDA:85,4,1,0
BRDA:95,5,0,0
BRDA:95,5,1,0
BRDA:97,6,0,0
BRDA:97,6,1,0
BRDA:104,7,0,0
BRDA:104,7,1,0
BRDA:112,8,0,1
BRDA:112,8,1,1
BRDA:122,9,0,1
BRDA:122,9,1,1
BRF:20
BRH:5
end_of_record
TN:
SF:/Users/jfondriest/githubyext/answers-search-ui/src/ui/speechrecognition/voicesearchcontroller.js
FN:25,(anonymous_0)
FN:45,(anonymous_1)
FN:58,(anonymous_2)
FN:63,(anonymous_3)
FN:82,(anonymous_4)
FN:84,(anonymous_5)
FN:86,(anonymous_6)
FN:88,(anonymous_7)
FN:93,(anonymous_8)
FN:103,(anonymous_9)
FN:115,(anonymous_10)
FN:127,(anonymous_11)
FN:135,(anonymous_12)
FN:145,(anonymous_13)
FN:162,(anonymous_14)
FNF:15
FNH:12
FNDA:2,(anonymous_0)
FNDA:2,(anonymous_1)
FNDA:2,(anonymous_2)
FNDA:1,(anonymous_3)
FNDA:1,(anonymous_4)
FNDA:1,(anonymous_5)
FNDA:1,(anonymous_6)
FNDA:0,(anonymous_7)
FNDA:1,(anonymous_8)
FNDA:1,(anonymous_9)
FNDA:1,(anonymous_10)
FNDA:0,(anonymous_11)
FNDA:0,(anonymous_12)
FNDA:1,(anonymous_13)
FNDA:1,(anonymous_14)
DA:12,26
DA:26,2
DA:28,2
DA:30,2
DA:31,2
DA:32,2
DA:35,2
DA:36,2
DA:38,2
DA:39,2
DA:40,2
DA:42,2
DA:46,2
DA:47,2
DA:48,2
DA:50,2
DA:51,2
DA:52,2
DA:60,2
DA:62,2
DA:63,1
DA:64,1
DA:65,1
DA:67,0
DA:72,1
DA:73,1
DA:75,1
DA:83,1
DA:86,1
DA:87,1
DA:89,0
DA:94,1
DA:95,1
DA:96,1
DA:97,1
DA:98,1
DA:99,1
DA:100,1
DA:104,1
DA:105,1
DA:106,1
DA:107,1
DA:108,1
DA:109,1
DA:116,1
DA:117,1
DA:118,1
DA:119,1
DA:128,0
DA:129,0
DA:136,0
DA:137,0
DA:138,0
DA:139,0
DA:146,1
DA:147,0
DA:149,1
DA:150,1
DA:156,1
DA:163,1
DA:164,0
DA:166,1
DA:172,1
LF:63
LH:53
BRDA:46,0,0,2
BRDA:46,0,1,0
BRDA:47,1,0,2
BRDA:47,1,1,0
BRDA:62,2,0,1
BRDA:62,2,1,1
BRDA:64,3,0,1
BRDA:64,3,1,0
BRDA:72,4,0,1
BRDA:72,4,1,0
BRDA:146,5,0,0
BRDA:146,5,1,1
BRDA:163,6,0,0
BRDA:163,6,1,1
BRF:14
BRH:8
end_of_record
TN:
SF:/Users/jfondriest/githubyext/answers-search-ui/src/ui/statemachine/defaulticonstate.js
FN:9,(anonymous_0)
FN:21,(anonymous_1)
FN:29,(anonymous_2)
FN:33,(anonymous_3)
FN:40,(anonymous_4)
FN:44,(anonymous_5)
FNF:6
FNH:6
FNDA:13,(anonymous_0)
FNDA:5,(anonymous_1)
FNDA:5,(anonymous_2)
FNDA:3,(anonymous_3)
FNDA:2,(anonymous_4)
FNDA:10,(anonymous_5)
DA:10,13
DA:11,13
DA:12,13
DA:13,13
DA:14,1
DA:16,12
DA:17,12
DA:22,5
DA:23,5
DA:24,0
DA:26,5
DA:30,5
DA:34,3
DA:35,3
DA:41,2
DA:45,10
LF:16
LH:15
BRDA:13,0,0,1
BRDA:13,0,1,12
BRDA:23,1,0,0
BRDA:23,1,1,5
BRDA:23,2,0,5
BRDA:23,2,1,0
BRDA:26,3,0,5
BRDA:26,3,1,5
BRDA:30,4,0,2
BRDA:30,4,1,3
BRDA:35,5,0,2
BRDA:35,5,1,1
BRF:12
BRH:10
end_of_record
TN:
SF:/Users/jfondriest/githubyext/answers-search-ui/src/ui/statemachine/loadingiconstate.js
FN:8,(anonymous_0)
FN:15,(anonymous_1)
FN:19,(anonymous_2)
FNF:3
FNH:3
FNDA:13,(anonymous_0)
FNDA:3,(anonymous_1)
FNDA:3,(anonymous_2)
DA:9,13
DA:10,13
DA:11,13
DA:12,13
DA:16,3
DA:20,3
DA:21,3
LF:7
LH:7
BRF:0
BRH:0
end_of_record
TN:
SF:/Users/jfondriest/githubyext/answers-search-ui/src/ui/statemachine/searchiconstate.js
FN:8,(anonymous_0)
FN:20,(anonymous_1)
FN:24,(anonymous_2)
FN:28,(anonymous_3)
FN:33,(anonymous_4)
FN:37,(anonymous_5)
FNF:6
FNH:6
FNDA:13,(anonymous_0)
FNDA:9,(anonymous_1)
FNDA:8,(anonymous_2)
FNDA:7,(anonymous_3)
FNDA:1,(anonymous_4)
FNDA:3,(anonymous_5)
DA:9,13
DA:10,13
DA:11,13
DA:12,13
DA:13,1
DA:15,12
DA:16,12
DA:21,9
DA:25,8
DA:29,7
DA:30,7
DA:34,1
DA:38,3
LF:13
LH:13
BRDA:12,0,0,1
BRDA:12,0,1,12
BRDA:25,1,0,1
BRDA:25,1,1,7
BRF:4
BRH:4
end_of_record
TN:
SF:/Users/jfondriest/githubyext/answers-search-ui/src/ui/statemachine/statemachine.js
FN:6,(anonymous_0)
FN:10,(anonymous_1)
FN:11,(anonymous_2)
FN:12,(anonymous_3)
FN:19,(anonymous_4)
FN:45,(anonymous_5)
FNF:6
FNH:4
FNDA:39,(anonymous_0)
FNDA:3,(anonymous_1)
FNDA:0,(anonymous_2)
FNDA:0,(anonymous_3)
FNDA:13,(anonymous_4)
FNDA:17,(anonymous_5)
DA:7,39
DA:10,3
DA:23,13
DA:28,13
DA:34,13
DA:46,17
DA:47,17
DA:48,16
DA:49,16
DA:50,16
DA:52,17
LF:11
LH:11
BRDA:47,0,0,16
BRDA:47,0,1,1
BRDA:47,1,0,17
BRDA:47,1,1,17
BRDA:47,1,2,17
BRF:5
BRH:5
end_of_record
TN:
SF:/Users/jfondriest/githubyext/answers-search-ui/src/ui/tools/filterutils.js
FN:14,filterIsPersisted
FN:18,(anonymous_1)
FN:32,findSimpleFiltersWithFieldId
FN:37,(anonymous_3)
FN:52,getPersistedRangeFilterContents
FN:58,(anonymous_5)
FNF:6
FNH:6
FNDA:22,filterIsPersisted
FNDA:10,(anonymous_1)
FNDA:18,findSimpleFiltersWithFieldId
FNDA:7,(anonymous_3)
FNDA:9,getPersistedRangeFilterContents
FNDA:8,(anonymous_5)
DA:16,22
DA:17,22
DA:18,10
DA:20,16
DA:34,18
DA:35,18
DA:36,3
DA:37,7
DA:39,15
DA:40,12
DA:42,3
DA:53,9
DA:54,1
DA:57,8
DA:58,8
DA:59,8
DA:60,1
DA:62,7
LF:18
LH:18
BRDA:16,0,0,22
BRDA:16,0,1,22
BRDA:17,1,0,6
BRDA:17,1,1,16
BRDA:34,2,0,18
BRDA:34,2,1,17
BRDA:35,3,0,3
BRDA:35,3,1,15
BRDA:39,4,0,12
BRDA:39,4,1,3
BRDA:53,5,0,1
BRDA:53,5,1,8
BRDA:53,6,0,9
BRDA:53,6,1,9
BRDA:59,7,0,1
BRDA:59,7,1,7
BRF:16
BRH:16
end_of_record
TN:
SF:/Users/jfondriest/githubyext/answers-search-ui/src/ui/tools/searchparamsparser.js
FN:3,buildSearchParameters
FN:18,buildFields
FN:23,(anonymous_2)
FNF:3
FNH:1
FNDA:3,buildSearchParameters
FNDA:0,buildFields
FNDA:0,(anonymous_2)
DA:4,3
DA:8,3
DA:9,3
DA:11,0
DA:12,0
DA:14,0
DA:15,0
DA:19,0
DA:20,0
DA:23,0
LF:10
LH:3
BRDA:8,0,0,3
BRDA:8,0,1,0
BRDA:11,1,0,0
BRDA:11,1,1,0
BRDA:19,2,0,0
BRDA:19,2,1,0
BRF:6
BRH:1
end_of_record
TN:
SF:/Users/jfondriest/githubyext/answers-search-ui/src/ui/tools/stringmatching.js
FN:11,isCloseMatch
FN:22,isLevenshteinMatch
FN:51,getBestLevenshteinDistance
FNF:3
FNH:0
FNDA:0,isCloseMatch
FNDA:0,isLevenshteinMatch
FNDA:0,getBestLevenshteinDistance
DA:12,0
DA:23,0
DA:24,0
DA:28,0
DA:29,0
DA:30,0
DA:32,0
DA:35,0
DA:37,0
DA:38,0
DA:40,0
DA:53,0
DA:54,0
DA:55,0
DA:58,0
DA:59,0
DA:60,0
DA:61,0
DA:62,0
DA:65,0
LF:20
LH:0
BRDA:23,0,0,0
BRDA:23,0,1,0
BRDA:29,1,0,0
BRDA:29,1,1,0
BRDA:37,2,0,0
BRDA:37,2,1,0
BRDA:61,3,0,0
BRDA:61,3,1,0
BRF:8
BRH:0
end_of_record
TN:
SF:/Users/jfondriest/githubyext/answers-search-ui/src/ui/tools/taborder.js
FN:7,getUrlParams
FN:11,getDefaultTabOrder
FN:42,mergeTabOrder
FN:57,getTabOrder
FNF:4
FNH:4
FNDA:54,getUrlParams
FNDA:49,getDefaultTabOrder
FNDA:44,mergeTabOrder
FNDA:42,getTabOrder
DA:8,54
DA:12,49
DA:15,49
DA:16,1
DA:18,49
DA:19,20
DA:21,20
DA:22,2
DA:26,18
DA:27,1
DA:29,17
DA:32,49
DA:43,44
DA:44,10
DA:45,7
DA:48,3
DA:49,0
DA:51,3
DA:54,44
DA:58,42
DA:61,42
DA:62,42
DA:64,42
LF:23
LH:22
BRDA:15,0,0,1
BRDA:15,0,1,48
BRDA:15,1,0,49
BRDA:15,1,1,48
BRDA:19,2,0,20
BRDA:19,2,1,1
BRDA:21,3,0,2
BRDA:21,3,1,18
BRDA:26,4,0,1
BRDA:26,4,1,17
BRDA:44,5,0,7
BRDA:44,5,1,3
BRDA:48,6,0,0
BRDA:48,6,1,3
BRDA:48,7,0,3
BRDA:48,7,1,0
BRDA:61,8,0,42
BRDA:61,8,1,0
BRDA:61,9,0,42
BRDA:61,9,1,42
BRF:20
BRH:17
end_of_record
TN:
SF:/Users/jfondriest/githubyext/answers-search-ui/src/ui/tools/urlutils.js
FN:11,constructRedirectUrl
FNF:1
FNH:1
FNDA:5,constructRedirectUrl
DA:12,5
DA:13,5
DA:14,5
DA:15,5
DA:16,6
DA:17,4
DA:20,5
DA:21,5
LF:8
LH:8
BRDA:16,0,0,4
BRDA:16,0,1,2
BRF:2
BRH:2
end_of_record
